[0.158s] DEBUG:colcon:Command line arguments: ['/usr/bin/colcon', 'build']
[0.158s] DEBUG:colcon:Parsed command line arguments: Namespace(log_base=None, log_level=None, verb_name='build', build_base='build', install_base='install', merge_install=False, symlink_install=False, test_result_base=None, continue_on_error=False, executor='parallel', parallel_workers=2, event_handlers=None, ignore_user_meta=False, metas=['./colcon.meta'], base_paths=['.'], packages_ignore=None, packages_ignore_regex=None, paths=None, packages_up_to=None, packages_up_to_regex=None, packages_above=None, packages_above_and_dependencies=None, packages_above_depth=None, packages_select_by_dep=None, packages_skip_by_dep=None, packages_skip_up_to=None, packages_select_build_failed=False, packages_skip_build_finished=False, packages_select_test_failures=False, packages_skip_test_passed=False, packages_select=None, packages_skip=None, packages_select_regex=None, packages_skip_regex=None, packages_start=None, packages_end=None, allow_overriding=[], cmake_args=None, cmake_target=None, cmake_target_skip_unavailable=False, cmake_clean_cache=False, cmake_clean_first=False, cmake_force_configure=False, ament_cmake_args=None, catkin_cmake_args=None, catkin_skip_building_tests=False, mixin_files=None, mixin=None, verb_parser=<colcon_mixin.mixin.mixin_argument.MixinArgumentDecorator object at 0x7dc6df64fac0>, verb_extension=<colcon_core.verb.build.BuildVerb object at 0x7dc6df64f340>, main=<bound method BuildVerb.main of <colcon_core.verb.build.BuildVerb object at 0x7dc6df64f340>>, mixin_verb=('build',))
[0.419s] Level 1:colcon.colcon_core.package_discovery:discover_packages(colcon_meta) check parameters
[0.419s] Level 1:colcon.colcon_core.package_discovery:discover_packages(recursive) check parameters
[0.419s] Level 1:colcon.colcon_core.package_discovery:discover_packages(ignore) check parameters
[0.419s] Level 1:colcon.colcon_core.package_discovery:discover_packages(path) check parameters
[0.419s] Level 1:colcon.colcon_core.package_discovery:discover_packages(colcon_meta) discover
[0.419s] Level 1:colcon.colcon_core.package_discovery:discover_packages(recursive) discover
[0.419s] INFO:colcon.colcon_core.package_discovery:Crawling recursively for packages in '/home/robousr/ROS2Dev/Robofriends'
[0.420s] Level 1:colcon.colcon_core.package_identification:_identify(.) by extensions ['ignore', 'ignore_ament_install']
[0.420s] Level 1:colcon.colcon_core.package_identification:_identify(.) by extension 'ignore'
[0.420s] Level 1:colcon.colcon_core.package_identification:_identify(.) by extension 'ignore_ament_install'
[0.420s] Level 1:colcon.colcon_core.package_identification:_identify(.) by extensions ['colcon_pkg']
[0.420s] Level 1:colcon.colcon_core.package_identification:_identify(.) by extension 'colcon_pkg'
[0.420s] Level 1:colcon.colcon_core.package_identification:_identify(.) by extensions ['colcon_meta']
[0.420s] Level 1:colcon.colcon_core.package_identification:_identify(.) by extension 'colcon_meta'
[0.420s] Level 1:colcon.colcon_core.package_identification:_identify(.) by extensions ['ros']
[0.420s] Level 1:colcon.colcon_core.package_identification:_identify(.) by extension 'ros'
[0.431s] Level 1:colcon.colcon_core.package_identification:_identify(.) by extensions ['cmake', 'python']
[0.431s] Level 1:colcon.colcon_core.package_identification:_identify(.) by extension 'cmake'
[0.431s] Level 1:colcon.colcon_core.package_identification:_identify(.) by extension 'python'
[0.431s] Level 1:colcon.colcon_core.package_identification:_identify(.) by extensions ['python_setup_py']
[0.431s] Level 1:colcon.colcon_core.package_identification:_identify(.) by extension 'python_setup_py'
[0.431s] Level 1:colcon.colcon_core.package_identification:_identify(Imagenes) by extensions ['ignore', 'ignore_ament_install']
[0.431s] Level 1:colcon.colcon_core.package_identification:_identify(Imagenes) by extension 'ignore'
[0.431s] Level 1:colcon.colcon_core.package_identification:_identify(Imagenes) by extension 'ignore_ament_install'
[0.431s] Level 1:colcon.colcon_core.package_identification:_identify(Imagenes) by extensions ['colcon_pkg']
[0.431s] Level 1:colcon.colcon_core.package_identification:_identify(Imagenes) by extension 'colcon_pkg'
[0.431s] Level 1:colcon.colcon_core.package_identification:_identify(Imagenes) by extensions ['colcon_meta']
[0.431s] Level 1:colcon.colcon_core.package_identification:_identify(Imagenes) by extension 'colcon_meta'
[0.431s] Level 1:colcon.colcon_core.package_identification:_identify(Imagenes) by extensions ['ros']
[0.431s] Level 1:colcon.colcon_core.package_identification:_identify(Imagenes) by extension 'ros'
[0.431s] Level 1:colcon.colcon_core.package_identification:_identify(Imagenes) by extensions ['cmake', 'python']
[0.431s] Level 1:colcon.colcon_core.package_identification:_identify(Imagenes) by extension 'cmake'
[0.431s] Level 1:colcon.colcon_core.package_identification:_identify(Imagenes) by extension 'python'
[0.431s] Level 1:colcon.colcon_core.package_identification:_identify(Imagenes) by extensions ['python_setup_py']
[0.431s] Level 1:colcon.colcon_core.package_identification:_identify(Imagenes) by extension 'python_setup_py'
[0.432s] Level 1:colcon.colcon_core.package_identification:_identify(build) by extensions ['ignore', 'ignore_ament_install']
[0.432s] Level 1:colcon.colcon_core.package_identification:_identify(build) by extension 'ignore'
[0.432s] Level 1:colcon.colcon_core.package_identification:_identify(build) ignored
[0.432s] Level 1:colcon.colcon_core.package_identification:_identify(examen_description) by extensions ['ignore', 'ignore_ament_install']
[0.432s] Level 1:colcon.colcon_core.package_identification:_identify(examen_description) by extension 'ignore'
[0.432s] Level 1:colcon.colcon_core.package_identification:_identify(examen_description) by extension 'ignore_ament_install'
[0.432s] Level 1:colcon.colcon_core.package_identification:_identify(examen_description) by extensions ['colcon_pkg']
[0.432s] Level 1:colcon.colcon_core.package_identification:_identify(examen_description) by extension 'colcon_pkg'
[0.432s] Level 1:colcon.colcon_core.package_identification:_identify(examen_description) by extensions ['colcon_meta']
[0.432s] Level 1:colcon.colcon_core.package_identification:_identify(examen_description) by extension 'colcon_meta'
[0.432s] Level 1:colcon.colcon_core.package_identification:_identify(examen_description) by extensions ['ros']
[0.432s] Level 1:colcon.colcon_core.package_identification:_identify(examen_description) by extension 'ros'
[0.450s] DEBUG:colcon.colcon_core.package_identification:Package 'examen_description' with type 'ros.ament_cmake' and name 'examen_description'
[0.450s] Level 1:colcon.colcon_core.package_identification:_identify(install) by extensions ['ignore', 'ignore_ament_install']
[0.450s] Level 1:colcon.colcon_core.package_identification:_identify(install) by extension 'ignore'
[0.450s] Level 1:colcon.colcon_core.package_identification:_identify(install) ignored
[0.451s] Level 1:colcon.colcon_core.package_identification:_identify(log) by extensions ['ignore', 'ignore_ament_install']
[0.451s] Level 1:colcon.colcon_core.package_identification:_identify(log) by extension 'ignore'
[0.451s] Level 1:colcon.colcon_core.package_identification:_identify(log) ignored
[0.451s] Level 1:colcon.colcon_core.package_discovery:discover_packages(recursive) using defaults
[0.451s] Level 1:colcon.colcon_core.package_discovery:discover_packages(ignore) discover
[0.451s] Level 1:colcon.colcon_core.package_discovery:discover_packages(ignore) using defaults
[0.451s] Level 1:colcon.colcon_core.package_discovery:discover_packages(path) discover
[0.451s] Level 1:colcon.colcon_core.package_discovery:discover_packages(path) using defaults
[0.475s] Level 1:colcon.colcon_core.package_discovery:discover_packages(prefix_path) check parameters
[0.475s] Level 1:colcon.colcon_core.package_discovery:discover_packages(prefix_path) discover
[0.480s] DEBUG:colcon.colcon_installed_package_information.package_discovery:Found 302 installed packages in /opt/ros/humble
[0.481s] Level 1:colcon.colcon_core.package_discovery:discover_packages(prefix_path) using defaults
[0.517s] Level 5:colcon.colcon_core.verb:set package 'examen_description' build argument 'cmake_args' from command line to 'None'
[0.517s] Level 5:colcon.colcon_core.verb:set package 'examen_description' build argument 'cmake_target' from command line to 'None'
[0.517s] Level 5:colcon.colcon_core.verb:set package 'examen_description' build argument 'cmake_target_skip_unavailable' from command line to 'False'
[0.517s] Level 5:colcon.colcon_core.verb:set package 'examen_description' build argument 'cmake_clean_cache' from command line to 'False'
[0.517s] Level 5:colcon.colcon_core.verb:set package 'examen_description' build argument 'cmake_clean_first' from command line to 'False'
[0.517s] Level 5:colcon.colcon_core.verb:set package 'examen_description' build argument 'cmake_force_configure' from command line to 'False'
[0.517s] Level 5:colcon.colcon_core.verb:set package 'examen_description' build argument 'ament_cmake_args' from command line to 'None'
[0.517s] Level 5:colcon.colcon_core.verb:set package 'examen_description' build argument 'catkin_cmake_args' from command line to 'None'
[0.517s] Level 5:colcon.colcon_core.verb:set package 'examen_description' build argument 'catkin_skip_building_tests' from command line to 'False'
[0.517s] DEBUG:colcon.colcon_core.verb:Building package 'examen_description' with the following arguments: {'ament_cmake_args': None, 'build_base': '/home/robousr/ROS2Dev/Robofriends/build/examen_description', 'catkin_cmake_args': None, 'catkin_skip_building_tests': False, 'cmake_args': None, 'cmake_clean_cache': False, 'cmake_clean_first': False, 'cmake_force_configure': False, 'cmake_target': None, 'cmake_target_skip_unavailable': False, 'install_base': '/home/robousr/ROS2Dev/Robofriends/install/examen_description', 'merge_install': False, 'path': '/home/robousr/ROS2Dev/Robofriends/examen_description', 'symlink_install': False, 'test_result_base': None}
[0.517s] INFO:colcon.colcon_core.executor:Executing jobs using 'parallel' executor
[0.519s] DEBUG:colcon.colcon_parallel_executor.executor.parallel:run_until_complete
[0.519s] INFO:colcon.colcon_ros.task.ament_cmake.build:Building ROS package in '/home/robousr/ROS2Dev/Robofriends/examen_description' with build type 'ament_cmake'
[0.519s] INFO:colcon.colcon_cmake.task.cmake.build:Building CMake package in '/home/robousr/ROS2Dev/Robofriends/examen_description'
[0.543s] INFO:colcon.colcon_core.plugin_system:Skipping extension 'colcon_core.shell.bat': Not used on non-Windows systems
[0.543s] INFO:colcon.colcon_core.shell:Skip shell extension 'powershell' for command environment: Not usable outside of PowerShell
[0.543s] DEBUG:colcon.colcon_core.shell:Skip shell extension 'dsv' for command environment
[0.574s] DEBUG:colcon.colcon_core.event_handler.log_command:Invoking command in '/home/robousr/ROS2Dev/Robofriends/build/examen_description': CMAKE_PREFIX_PATH=/opt/ros/humble /usr/bin/cmake --build /home/robousr/ROS2Dev/Robofriends/build/examen_description -- -j2 -l2
[0.745s] DEBUG:colcon.colcon_core.event_handler.log_command:Invoked command in '/home/robousr/ROS2Dev/Robofriends/build/examen_description' returned '0': CMAKE_PREFIX_PATH=/opt/ros/humble /usr/bin/cmake --build /home/robousr/ROS2Dev/Robofriends/build/examen_description -- -j2 -l2
[0.834s] DEBUG:colcon.colcon_core.event_handler.log_command:Invoking command in '/home/robousr/ROS2Dev/Robofriends/build/examen_description': CMAKE_PREFIX_PATH=/opt/ros/humble /usr/bin/cmake --install /home/robousr/ROS2Dev/Robofriends/build/examen_description
[0.864s] Level 1:colcon.colcon_core.environment:create_environment_scripts_only(examen_description)
[0.866s] DEBUG:colcon.colcon_core.event_handler.log_command:Invoked command in '/home/robousr/ROS2Dev/Robofriends/build/examen_description' returned '0': CMAKE_PREFIX_PATH=/opt/ros/humble /usr/bin/cmake --install /home/robousr/ROS2Dev/Robofriends/build/examen_description
[0.927s] Level 1:colcon.colcon_core.environment:checking '/home/robousr/ROS2Dev/Robofriends/install/examen_description' for CMake module files
[0.928s] Level 1:colcon.colcon_core.environment:checking '/home/robousr/ROS2Dev/Robofriends/install/examen_description' for CMake config files
[0.929s] Level 1:colcon.colcon_core.shell:create_environment_hook('examen_description', 'cmake_prefix_path')
[0.929s] INFO:colcon.colcon_core.shell:Creating environment hook '/home/robousr/ROS2Dev/Robofriends/install/examen_description/share/examen_description/hook/cmake_prefix_path.ps1'
[0.933s] INFO:colcon.colcon_core.shell:Creating environment descriptor '/home/robousr/ROS2Dev/Robofriends/install/examen_description/share/examen_description/hook/cmake_prefix_path.dsv'
[0.935s] INFO:colcon.colcon_core.shell:Creating environment hook '/home/robousr/ROS2Dev/Robofriends/install/examen_description/share/examen_description/hook/cmake_prefix_path.sh'
[0.938s] Level 1:colcon.colcon_core.environment:checking '/home/robousr/ROS2Dev/Robofriends/install/examen_description/bin'
[0.939s] Level 1:colcon.colcon_core.environment:checking '/home/robousr/ROS2Dev/Robofriends/install/examen_description/lib/pkgconfig/examen_description.pc'
[0.939s] Level 1:colcon.colcon_core.environment:checking '/home/robousr/ROS2Dev/Robofriends/install/examen_description/lib/python3.10/site-packages'
[0.939s] Level 1:colcon.colcon_core.environment:checking '/home/robousr/ROS2Dev/Robofriends/install/examen_description/bin'
[0.940s] INFO:colcon.colcon_core.shell:Creating package script '/home/robousr/ROS2Dev/Robofriends/install/examen_description/share/examen_description/package.ps1'
[0.941s] INFO:colcon.colcon_core.shell:Creating package descriptor '/home/robousr/ROS2Dev/Robofriends/install/examen_description/share/examen_description/package.dsv'
[0.943s] INFO:colcon.colcon_core.shell:Creating package script '/home/robousr/ROS2Dev/Robofriends/install/examen_description/share/examen_description/package.sh'
[0.945s] INFO:colcon.colcon_core.shell:Creating package script '/home/robousr/ROS2Dev/Robofriends/install/examen_description/share/examen_description/package.bash'
[0.947s] INFO:colcon.colcon_core.shell:Creating package script '/home/robousr/ROS2Dev/Robofriends/install/examen_description/share/examen_description/package.zsh'
[0.950s] Level 1:colcon.colcon_core.environment:create_file_with_runtime_dependencies(/home/robousr/ROS2Dev/Robofriends/install/examen_description/share/colcon-core/packages/examen_description)
[0.995s] Level 1:colcon.colcon_core.environment:create_environment_scripts_only(examen_description)
[0.996s] Level 1:colcon.colcon_core.environment:checking '/home/robousr/ROS2Dev/Robofriends/install/examen_description' for CMake module files
[0.996s] Level 1:colcon.colcon_core.environment:checking '/home/robousr/ROS2Dev/Robofriends/install/examen_description' for CMake config files
[0.997s] Level 1:colcon.colcon_core.shell:create_environment_hook('examen_description', 'cmake_prefix_path')
[0.997s] INFO:colcon.colcon_core.shell:Creating environment hook '/home/robousr/ROS2Dev/Robofriends/install/examen_description/share/examen_description/hook/cmake_prefix_path.ps1'
[0.998s] INFO:colcon.colcon_core.shell:Creating environment descriptor '/home/robousr/ROS2Dev/Robofriends/install/examen_description/share/examen_description/hook/cmake_prefix_path.dsv'
[0.998s] INFO:colcon.colcon_core.shell:Creating environment hook '/home/robousr/ROS2Dev/Robofriends/install/examen_description/share/examen_description/hook/cmake_prefix_path.sh'
[0.999s] Level 1:colcon.colcon_core.environment:checking '/home/robousr/ROS2Dev/Robofriends/install/examen_description/bin'
[1.000s] Level 1:colcon.colcon_core.environment:checking '/home/robousr/ROS2Dev/Robofriends/install/examen_description/lib/pkgconfig/examen_description.pc'
[1.000s] Level 1:colcon.colcon_core.environment:checking '/home/robousr/ROS2Dev/Robofriends/install/examen_description/lib/python3.10/site-packages'
[1.000s] Level 1:colcon.colcon_core.environment:checking '/home/robousr/ROS2Dev/Robofriends/install/examen_description/bin'
[1.000s] INFO:colcon.colcon_core.shell:Creating package script '/home/robousr/ROS2Dev/Robofriends/install/examen_description/share/examen_description/package.ps1'
[1.001s] INFO:colcon.colcon_core.shell:Creating package descriptor '/home/robousr/ROS2Dev/Robofriends/install/examen_description/share/examen_description/package.dsv'
[1.002s] INFO:colcon.colcon_core.shell:Creating package script '/home/robousr/ROS2Dev/Robofriends/install/examen_description/share/examen_description/package.sh'
[1.003s] INFO:colcon.colcon_core.shell:Creating package script '/home/robousr/ROS2Dev/Robofriends/install/examen_description/share/examen_description/package.bash'
[1.003s] INFO:colcon.colcon_core.shell:Creating package script '/home/robousr/ROS2Dev/Robofriends/install/examen_description/share/examen_description/package.zsh'
[1.004s] Level 1:colcon.colcon_core.environment:create_file_with_runtime_dependencies(/home/robousr/ROS2Dev/Robofriends/install/examen_description/share/colcon-core/packages/examen_description)
[1.005s] DEBUG:colcon.colcon_parallel_executor.executor.parallel:closing loop
[1.005s] DEBUG:colcon.colcon_parallel_executor.executor.parallel:loop closed
[1.005s] DEBUG:colcon.colcon_parallel_executor.executor.parallel:run_until_complete finished with '0'
[1.005s] DEBUG:colcon.colcon_core.event_reactor:joining thread
[1.045s] INFO:colcon.colcon_core.plugin_system:Skipping extension 'colcon_notification.desktop_notification.terminal_notifier': Not used on non-Darwin systems
[1.045s] INFO:colcon.colcon_core.plugin_system:Skipping extension 'colcon_notification.desktop_notification.win32': Not used on non-Windows systems
[1.045s] INFO:colcon.colcon_notification.desktop_notification:Sending desktop notification using 'notify2'
[1.099s] DEBUG:colcon.colcon_core.event_reactor:joined thread
[1.100s] INFO:colcon.colcon_core.shell:Creating prefix script '/home/robousr/ROS2Dev/Robofriends/install/local_setup.ps1'
[1.102s] INFO:colcon.colcon_core.shell:Creating prefix util module '/home/robousr/ROS2Dev/Robofriends/install/_local_setup_util_ps1.py'
[1.104s] INFO:colcon.colcon_core.shell:Creating prefix chain script '/home/robousr/ROS2Dev/Robofriends/install/setup.ps1'
[1.106s] INFO:colcon.colcon_core.shell:Creating prefix script '/home/robousr/ROS2Dev/Robofriends/install/local_setup.sh'
[1.107s] INFO:colcon.colcon_core.shell:Creating prefix util module '/home/robousr/ROS2Dev/Robofriends/install/_local_setup_util_sh.py'
[1.108s] INFO:colcon.colcon_core.shell:Creating prefix chain script '/home/robousr/ROS2Dev/Robofriends/install/setup.sh'
[1.110s] INFO:colcon.colcon_core.shell:Creating prefix script '/home/robousr/ROS2Dev/Robofriends/install/local_setup.bash'
[1.111s] INFO:colcon.colcon_core.shell:Creating prefix chain script '/home/robousr/ROS2Dev/Robofriends/install/setup.bash'
[1.115s] INFO:colcon.colcon_core.shell:Creating prefix script '/home/robousr/ROS2Dev/Robofriends/install/local_setup.zsh'
[1.118s] INFO:colcon.colcon_core.shell:Creating prefix chain script '/home/robousr/ROS2Dev/Robofriends/install/setup.zsh'
