[0.021s] Invoking command in '/home/robousr/ROS2Dev/Robofriends/build/examen_description': CMAKE_PREFIX_PATH=/opt/ros/humble /usr/bin/cmake --build /home/robousr/ROS2Dev/Robofriends/build/examen_description -- -j2 -l2
[0.108s] -- Found ament_cmake: 1.3.10 (/opt/ros/humble/share/ament_cmake/cmake)
[0.585s] -- Configuring done
[0.594s] -- Generating done
[0.594s] -- Build files have been written to: /home/robousr/ROS2Dev/Robofriends/build/examen_description
[0.616s] Invoked command in '/home/robousr/ROS2Dev/Robofriends/build/examen_description' returned '0': CMAKE_PREFIX_PATH=/opt/ros/humble /usr/bin/cmake --build /home/robousr/ROS2Dev/Robofriends/build/examen_description -- -j2 -l2
[0.653s] Invoking command in '/home/robousr/ROS2Dev/Robofriends/build/examen_description': CMAKE_PREFIX_PATH=/opt/ros/humble /usr/bin/cmake --install /home/robousr/ROS2Dev/Robofriends/build/examen_description
[0.663s] -- Install configuration: ""
[0.663s] -- Up-to-date: /home/robousr/ROS2Dev/Robofriends/install/examen_description/share/examen_description//urdf
[0.663s] -- Installing: /home/robousr/ROS2Dev/Robofriends/install/examen_description/share/examen_description//urdf/scara_trajectory_controller.xacro
[0.664s] -- Up-to-date: /home/robousr/ROS2Dev/Robofriends/install/examen_description/share/examen_description//urdf/scara_urdf.xacro
[0.664s] -- Installing: /home/robousr/ROS2Dev/Robofriends/install/examen_description/share/examen_description//urdf/scara_simple_controller.xacro
[0.665s] -- Installing: /home/robousr/ROS2Dev/Robofriends/install/examen_description/share/examen_description//urdf/sonar_sensor.xacro
[0.665s] -- Installing: /home/robousr/ROS2Dev/Robofriends/install/examen_description/share/examen_description//urdf/lidar_sensor.xacro
[0.667s] -- Installing: /home/robousr/ROS2Dev/Robofriends/install/examen_description/share/examen_description//urdf/scara_gz_properties.xacro
[0.667s] -- Installing: /home/robousr/ROS2Dev/Robofriends/install/examen_description/share/examen_description//urdf/trajectory_controller.xacro
[0.667s] -- Installing: /home/robousr/ROS2Dev/Robofriends/install/examen_description/share/examen_description//urdf/position_controller.xacro
[0.668s] -- Installing: /home/robousr/ROS2Dev/Robofriends/install/examen_description/share/examen_description//urdf/camara_sensor.xacro
[0.668s] -- Installing: /home/robousr/ROS2Dev/Robofriends/install/examen_description/share/examen_description//urdf/scara_position_controller.xacro
[0.669s] -- Installing: /home/robousr/ROS2Dev/Robofriends/install/examen_description/share/examen_description//urdf/scara_basic_position_controller.xacro
[0.669s] -- Installing: /home/robousr/ROS2Dev/Robofriends/install/examen_description/share/examen_description//urdf/scara.urdf
[0.670s] -- Installing: /home/robousr/ROS2Dev/Robofriends/install/examen_description/share/examen_description//urdf/imu_sensor.xacro
[0.670s] -- Up-to-date: /home/robousr/ROS2Dev/Robofriends/install/examen_description/share/examen_description//launch
[0.670s] -- Up-to-date: /home/robousr/ROS2Dev/Robofriends/install/examen_description/share/examen_description//launch/scara_display.launch.xml
[0.670s] -- Up-to-date: /home/robousr/ROS2Dev/Robofriends/install/examen_description/share/examen_description//rviz
[0.670s] -- Installing: /home/robousr/ROS2Dev/Robofriends/install/examen_description/share/examen_description//rviz/scara_rviz.rviz
[0.671s] -- Installing: /home/robousr/ROS2Dev/Robofriends/install/examen_description/share/examen_description//rviz/urdf.rviz
[0.671s] -- Up-to-date: /home/robousr/ROS2Dev/Robofriends/install/examen_description/share/examen_description//config
[0.671s] -- Installing: /home/robousr/ROS2Dev/Robofriends/install/examen_description/share/examen_description//config/scara_trajectory_controller.yaml
[0.672s] -- Installing: /home/robousr/ROS2Dev/Robofriends/install/examen_description/share/examen_description//config/scara_position_controller.yaml
[0.672s] -- Installing: /home/robousr/ROS2Dev/Robofriends/install/examen_description/share/ament_index/resource_index/package_run_dependencies/examen_description
[0.673s] -- Up-to-date: /home/robousr/ROS2Dev/Robofriends/install/examen_description/share/ament_index/resource_index/parent_prefix_path/examen_description
[0.673s] -- Installing: /home/robousr/ROS2Dev/Robofriends/install/examen_description/share/examen_description/environment/ament_prefix_path.sh
[0.673s] -- Installing: /home/robousr/ROS2Dev/Robofriends/install/examen_description/share/examen_description/environment/ament_prefix_path.dsv
[0.674s] -- Installing: /home/robousr/ROS2Dev/Robofriends/install/examen_description/share/examen_description/environment/path.sh
[0.674s] -- Installing: /home/robousr/ROS2Dev/Robofriends/install/examen_description/share/examen_description/environment/path.dsv
[0.674s] -- Installing: /home/robousr/ROS2Dev/Robofriends/install/examen_description/share/examen_description/local_setup.bash
[0.675s] -- Installing: /home/robousr/ROS2Dev/Robofriends/install/examen_description/share/examen_description/local_setup.sh
[0.675s] -- Installing: /home/robousr/ROS2Dev/Robofriends/install/examen_description/share/examen_description/local_setup.zsh
[0.675s] -- Installing: /home/robousr/ROS2Dev/Robofriends/install/examen_description/share/examen_description/local_setup.dsv
[0.676s] -- Installing: /home/robousr/ROS2Dev/Robofriends/install/examen_description/share/examen_description/package.dsv
[0.676s] -- Installing: /home/robousr/ROS2Dev/Robofriends/install/examen_description/share/ament_index/resource_index/packages/examen_description
[0.676s] -- Installing: /home/robousr/ROS2Dev/Robofriends/install/examen_description/share/examen_description/cmake/examen_descriptionConfig.cmake
[0.676s] -- Installing: /home/robousr/ROS2Dev/Robofriends/install/examen_description/share/examen_description/cmake/examen_descriptionConfig-version.cmake
[0.677s] -- Installing: /home/robousr/ROS2Dev/Robofriends/install/examen_description/share/examen_description/package.xml
[0.680s] Invoked command in '/home/robousr/ROS2Dev/Robofriends/build/examen_description' returned '0': CMAKE_PREFIX_PATH=/opt/ros/humble /usr/bin/cmake --install /home/robousr/ROS2Dev/Robofriends/build/examen_description
