[0.101s] DEBUG:colcon:Command line arguments: ['/usr/bin/colcon', 'build']
[0.101s] DEBUG:colcon:Parsed command line arguments: Namespace(log_base=None, log_level=None, verb_name='build', build_base='build', install_base='install', merge_install=False, symlink_install=False, test_result_base=None, continue_on_error=False, executor='parallel', parallel_workers=2, event_handlers=None, ignore_user_meta=False, metas=['./colcon.meta'], base_paths=['.'], packages_ignore=None, packages_ignore_regex=None, paths=None, packages_up_to=None, packages_up_to_regex=None, packages_above=None, packages_above_and_dependencies=None, packages_above_depth=None, packages_select_by_dep=None, packages_skip_by_dep=None, packages_skip_up_to=None, packages_select_build_failed=False, packages_skip_build_finished=False, packages_select_test_failures=False, packages_skip_test_passed=False, packages_select=None, packages_skip=None, packages_select_regex=None, packages_skip_regex=None, packages_start=None, packages_end=None, allow_overriding=[], cmake_args=None, cmake_target=None, cmake_target_skip_unavailable=False, cmake_clean_cache=False, cmake_clean_first=False, cmake_force_configure=False, ament_cmake_args=None, catkin_cmake_args=None, catkin_skip_building_tests=False, mixin_files=None, mixin=None, verb_parser=<colcon_mixin.mixin.mixin_argument.MixinArgumentDecorator object at 0x71769608c190>, verb_extension=<colcon_core.verb.build.BuildVerb object at 0x7176960539d0>, main=<bound method BuildVerb.main of <colcon_core.verb.build.BuildVerb object at 0x7176960539d0>>, mixin_verb=('build',))
[0.259s] Level 1:colcon.colcon_core.package_discovery:discover_packages(colcon_meta) check parameters
[0.259s] Level 1:colcon.colcon_core.package_discovery:discover_packages(recursive) check parameters
[0.259s] Level 1:colcon.colcon_core.package_discovery:discover_packages(ignore) check parameters
[0.259s] Level 1:colcon.colcon_core.package_discovery:discover_packages(path) check parameters
[0.259s] Level 1:colcon.colcon_core.package_discovery:discover_packages(colcon_meta) discover
[0.259s] Level 1:colcon.colcon_core.package_discovery:discover_packages(recursive) discover
[0.259s] INFO:colcon.colcon_core.package_discovery:Crawling recursively for packages in '/home/robousr/ROS2Dev/Robofriends'
[0.259s] Level 1:colcon.colcon_core.package_identification:_identify(.) by extensions ['ignore', 'ignore_ament_install']
[0.259s] Level 1:colcon.colcon_core.package_identification:_identify(.) by extension 'ignore'
[0.259s] Level 1:colcon.colcon_core.package_identification:_identify(.) by extension 'ignore_ament_install'
[0.259s] Level 1:colcon.colcon_core.package_identification:_identify(.) by extensions ['colcon_pkg']
[0.259s] Level 1:colcon.colcon_core.package_identification:_identify(.) by extension 'colcon_pkg'
[0.260s] Level 1:colcon.colcon_core.package_identification:_identify(.) by extensions ['colcon_meta']
[0.260s] Level 1:colcon.colcon_core.package_identification:_identify(.) by extension 'colcon_meta'
[0.260s] Level 1:colcon.colcon_core.package_identification:_identify(.) by extensions ['ros']
[0.260s] Level 1:colcon.colcon_core.package_identification:_identify(.) by extension 'ros'
[0.279s] Level 1:colcon.colcon_core.package_identification:_identify(.) by extensions ['cmake', 'python']
[0.279s] Level 1:colcon.colcon_core.package_identification:_identify(.) by extension 'cmake'
[0.279s] Level 1:colcon.colcon_core.package_identification:_identify(.) by extension 'python'
[0.279s] Level 1:colcon.colcon_core.package_identification:_identify(.) by extensions ['python_setup_py']
[0.279s] Level 1:colcon.colcon_core.package_identification:_identify(.) by extension 'python_setup_py'
[0.280s] Level 1:colcon.colcon_core.package_identification:_identify(Imagenes) by extensions ['ignore', 'ignore_ament_install']
[0.280s] Level 1:colcon.colcon_core.package_identification:_identify(Imagenes) by extension 'ignore'
[0.280s] Level 1:colcon.colcon_core.package_identification:_identify(Imagenes) by extension 'ignore_ament_install'
[0.280s] Level 1:colcon.colcon_core.package_identification:_identify(Imagenes) by extensions ['colcon_pkg']
[0.280s] Level 1:colcon.colcon_core.package_identification:_identify(Imagenes) by extension 'colcon_pkg'
[0.280s] Level 1:colcon.colcon_core.package_identification:_identify(Imagenes) by extensions ['colcon_meta']
[0.280s] Level 1:colcon.colcon_core.package_identification:_identify(Imagenes) by extension 'colcon_meta'
[0.280s] Level 1:colcon.colcon_core.package_identification:_identify(Imagenes) by extensions ['ros']
[0.280s] Level 1:colcon.colcon_core.package_identification:_identify(Imagenes) by extension 'ros'
[0.280s] Level 1:colcon.colcon_core.package_identification:_identify(Imagenes) by extensions ['cmake', 'python']
[0.280s] Level 1:colcon.colcon_core.package_identification:_identify(Imagenes) by extension 'cmake'
[0.280s] Level 1:colcon.colcon_core.package_identification:_identify(Imagenes) by extension 'python'
[0.280s] Level 1:colcon.colcon_core.package_identification:_identify(Imagenes) by extensions ['python_setup_py']
[0.280s] Level 1:colcon.colcon_core.package_identification:_identify(Imagenes) by extension 'python_setup_py'
[0.280s] Level 1:colcon.colcon_core.package_identification:_identify(build) by extensions ['ignore', 'ignore_ament_install']
[0.280s] Level 1:colcon.colcon_core.package_identification:_identify(build) by extension 'ignore'
[0.280s] Level 1:colcon.colcon_core.package_identification:_identify(build) ignored
[0.280s] Level 1:colcon.colcon_core.package_identification:_identify(examen_bringup) by extensions ['ignore', 'ignore_ament_install']
[0.280s] Level 1:colcon.colcon_core.package_identification:_identify(examen_bringup) by extension 'ignore'
[0.280s] Level 1:colcon.colcon_core.package_identification:_identify(examen_bringup) by extension 'ignore_ament_install'
[0.280s] Level 1:colcon.colcon_core.package_identification:_identify(examen_bringup) by extensions ['colcon_pkg']
[0.280s] Level 1:colcon.colcon_core.package_identification:_identify(examen_bringup) by extension 'colcon_pkg'
[0.280s] Level 1:colcon.colcon_core.package_identification:_identify(examen_bringup) by extensions ['colcon_meta']
[0.281s] Level 1:colcon.colcon_core.package_identification:_identify(examen_bringup) by extension 'colcon_meta'
[0.281s] Level 1:colcon.colcon_core.package_identification:_identify(examen_bringup) by extensions ['ros']
[0.281s] Level 1:colcon.colcon_core.package_identification:_identify(examen_bringup) by extension 'ros'
[0.282s] DEBUG:colcon.colcon_core.package_identification:Package 'examen_bringup' with type 'ros.ament_cmake' and name 'examen_bringup'
[0.283s] Level 1:colcon.colcon_core.package_identification:_identify(examen_description) by extensions ['ignore', 'ignore_ament_install']
[0.283s] Level 1:colcon.colcon_core.package_identification:_identify(examen_description) by extension 'ignore'
[0.283s] Level 1:colcon.colcon_core.package_identification:_identify(examen_description) by extension 'ignore_ament_install'
[0.283s] Level 1:colcon.colcon_core.package_identification:_identify(examen_description) by extensions ['colcon_pkg']
[0.283s] Level 1:colcon.colcon_core.package_identification:_identify(examen_description) by extension 'colcon_pkg'
[0.283s] Level 1:colcon.colcon_core.package_identification:_identify(examen_description) by extensions ['colcon_meta']
[0.283s] Level 1:colcon.colcon_core.package_identification:_identify(examen_description) by extension 'colcon_meta'
[0.283s] Level 1:colcon.colcon_core.package_identification:_identify(examen_description) by extensions ['ros']
[0.283s] Level 1:colcon.colcon_core.package_identification:_identify(examen_description) by extension 'ros'
[0.284s] DEBUG:colcon.colcon_core.package_identification:Package 'examen_description' with type 'ros.ament_cmake' and name 'examen_description'
[0.284s] Level 1:colcon.colcon_core.package_identification:_identify(install) by extensions ['ignore', 'ignore_ament_install']
[0.284s] Level 1:colcon.colcon_core.package_identification:_identify(install) by extension 'ignore'
[0.284s] Level 1:colcon.colcon_core.package_identification:_identify(install) ignored
[0.284s] Level 1:colcon.colcon_core.package_identification:_identify(log) by extensions ['ignore', 'ignore_ament_install']
[0.284s] Level 1:colcon.colcon_core.package_identification:_identify(log) by extension 'ignore'
[0.284s] Level 1:colcon.colcon_core.package_identification:_identify(log) ignored
[0.284s] Level 1:colcon.colcon_core.package_discovery:discover_packages(recursive) using defaults
[0.284s] Level 1:colcon.colcon_core.package_discovery:discover_packages(ignore) discover
[0.284s] Level 1:colcon.colcon_core.package_discovery:discover_packages(ignore) using defaults
[0.284s] Level 1:colcon.colcon_core.package_discovery:discover_packages(path) discover
[0.284s] Level 1:colcon.colcon_core.package_discovery:discover_packages(path) using defaults
[0.300s] Level 1:colcon.colcon_core.package_discovery:discover_packages(prefix_path) check parameters
[0.300s] Level 1:colcon.colcon_core.package_discovery:discover_packages(prefix_path) discover
[0.303s] DEBUG:colcon.colcon_installed_package_information.package_discovery:Found 2 installed packages in /home/robousr/ROS2Dev/Robofriends/install
[0.305s] DEBUG:colcon.colcon_installed_package_information.package_discovery:Found 341 installed packages in /opt/ros/humble
[0.306s] Level 1:colcon.colcon_core.package_discovery:discover_packages(prefix_path) using defaults
[0.339s] Level 5:colcon.colcon_core.verb:set package 'examen_bringup' build argument 'cmake_args' from command line to 'None'
[0.339s] Level 5:colcon.colcon_core.verb:set package 'examen_bringup' build argument 'cmake_target' from command line to 'None'
[0.340s] Level 5:colcon.colcon_core.verb:set package 'examen_bringup' build argument 'cmake_target_skip_unavailable' from command line to 'False'
[0.340s] Level 5:colcon.colcon_core.verb:set package 'examen_bringup' build argument 'cmake_clean_cache' from command line to 'False'
[0.340s] Level 5:colcon.colcon_core.verb:set package 'examen_bringup' build argument 'cmake_clean_first' from command line to 'False'
[0.340s] Level 5:colcon.colcon_core.verb:set package 'examen_bringup' build argument 'cmake_force_configure' from command line to 'False'
[0.340s] Level 5:colcon.colcon_core.verb:set package 'examen_bringup' build argument 'ament_cmake_args' from command line to 'None'
[0.340s] Level 5:colcon.colcon_core.verb:set package 'examen_bringup' build argument 'catkin_cmake_args' from command line to 'None'
[0.340s] Level 5:colcon.colcon_core.verb:set package 'examen_bringup' build argument 'catkin_skip_building_tests' from command line to 'False'
[0.340s] DEBUG:colcon.colcon_core.verb:Building package 'examen_bringup' with the following arguments: {'ament_cmake_args': None, 'build_base': '/home/robousr/ROS2Dev/Robofriends/build/examen_bringup', 'catkin_cmake_args': None, 'catkin_skip_building_tests': False, 'cmake_args': None, 'cmake_clean_cache': False, 'cmake_clean_first': False, 'cmake_force_configure': False, 'cmake_target': None, 'cmake_target_skip_unavailable': False, 'install_base': '/home/robousr/ROS2Dev/Robofriends/install/examen_bringup', 'merge_install': False, 'path': '/home/robousr/ROS2Dev/Robofriends/examen_bringup', 'symlink_install': False, 'test_result_base': None}
[0.340s] Level 5:colcon.colcon_core.verb:set package 'examen_description' build argument 'cmake_args' from command line to 'None'
[0.340s] Level 5:colcon.colcon_core.verb:set package 'examen_description' build argument 'cmake_target' from command line to 'None'
[0.340s] Level 5:colcon.colcon_core.verb:set package 'examen_description' build argument 'cmake_target_skip_unavailable' from command line to 'False'
[0.340s] Level 5:colcon.colcon_core.verb:set package 'examen_description' build argument 'cmake_clean_cache' from command line to 'False'
[0.340s] Level 5:colcon.colcon_core.verb:set package 'examen_description' build argument 'cmake_clean_first' from command line to 'False'
[0.340s] Level 5:colcon.colcon_core.verb:set package 'examen_description' build argument 'cmake_force_configure' from command line to 'False'
[0.340s] Level 5:colcon.colcon_core.verb:set package 'examen_description' build argument 'ament_cmake_args' from command line to 'None'
[0.340s] Level 5:colcon.colcon_core.verb:set package 'examen_description' build argument 'catkin_cmake_args' from command line to 'None'
[0.340s] Level 5:colcon.colcon_core.verb:set package 'examen_description' build argument 'catkin_skip_building_tests' from command line to 'False'
[0.340s] DEBUG:colcon.colcon_core.verb:Building package 'examen_description' with the following arguments: {'ament_cmake_args': None, 'build_base': '/home/robousr/ROS2Dev/Robofriends/build/examen_description', 'catkin_cmake_args': None, 'catkin_skip_building_tests': False, 'cmake_args': None, 'cmake_clean_cache': False, 'cmake_clean_first': False, 'cmake_force_configure': False, 'cmake_target': None, 'cmake_target_skip_unavailable': False, 'install_base': '/home/robousr/ROS2Dev/Robofriends/install/examen_description', 'merge_install': False, 'path': '/home/robousr/ROS2Dev/Robofriends/examen_description', 'symlink_install': False, 'test_result_base': None}
[0.340s] INFO:colcon.colcon_core.executor:Executing jobs using 'parallel' executor
[0.341s] DEBUG:colcon.colcon_parallel_executor.executor.parallel:run_until_complete
[0.341s] INFO:colcon.colcon_ros.task.ament_cmake.build:Building ROS package in '/home/robousr/ROS2Dev/Robofriends/examen_bringup' with build type 'ament_cmake'
[0.342s] INFO:colcon.colcon_cmake.task.cmake.build:Building CMake package in '/home/robousr/ROS2Dev/Robofriends/examen_bringup'
[0.345s] INFO:colcon.colcon_core.plugin_system:Skipping extension 'colcon_core.shell.bat': Not used on non-Windows systems
[0.346s] INFO:colcon.colcon_core.shell:Skip shell extension 'powershell' for command environment: Not usable outside of PowerShell
[0.346s] DEBUG:colcon.colcon_core.shell:Skip shell extension 'dsv' for command environment
[0.351s] INFO:colcon.colcon_ros.task.ament_cmake.build:Building ROS package in '/home/robousr/ROS2Dev/Robofriends/examen_description' with build type 'ament_cmake'
[0.351s] INFO:colcon.colcon_cmake.task.cmake.build:Building CMake package in '/home/robousr/ROS2Dev/Robofriends/examen_description'
[0.351s] INFO:colcon.colcon_core.shell:Skip shell extension 'powershell' for command environment: Not usable outside of PowerShell
[0.351s] DEBUG:colcon.colcon_core.shell:Skip shell extension 'dsv' for command environment
[0.359s] DEBUG:colcon.colcon_core.event_handler.log_command:Invoking command in '/home/robousr/ROS2Dev/Robofriends/build/examen_bringup': CMAKE_PREFIX_PATH=${CMAKE_PREFIX_PATH}:/opt/ros/humble /usr/bin/cmake --build /home/robousr/ROS2Dev/Robofriends/build/examen_bringup -- -j2 -l2
[0.367s] DEBUG:colcon.colcon_core.event_handler.log_command:Invoking command in '/home/robousr/ROS2Dev/Robofriends/build/examen_description': CMAKE_PREFIX_PATH=${CMAKE_PREFIX_PATH}:/opt/ros/humble /usr/bin/cmake --build /home/robousr/ROS2Dev/Robofriends/build/examen_description -- -j2 -l2
[0.409s] DEBUG:colcon.colcon_core.event_handler.log_command:Invoked command in '/home/robousr/ROS2Dev/Robofriends/build/examen_description' returned '0': CMAKE_PREFIX_PATH=${CMAKE_PREFIX_PATH}:/opt/ros/humble /usr/bin/cmake --build /home/robousr/ROS2Dev/Robofriends/build/examen_description -- -j2 -l2
[0.446s] DEBUG:colcon.colcon_core.event_handler.log_command:Invoking command in '/home/robousr/ROS2Dev/Robofriends/build/examen_description': CMAKE_PREFIX_PATH=${CMAKE_PREFIX_PATH}:/opt/ros/humble /usr/bin/cmake --install /home/robousr/ROS2Dev/Robofriends/build/examen_description
[0.465s] Level 1:colcon.colcon_core.environment:create_environment_scripts_only(examen_description)
[0.466s] DEBUG:colcon.colcon_core.event_handler.log_command:Invoked command in '/home/robousr/ROS2Dev/Robofriends/build/examen_description' returned '0': CMAKE_PREFIX_PATH=${CMAKE_PREFIX_PATH}:/opt/ros/humble /usr/bin/cmake --install /home/robousr/ROS2Dev/Robofriends/build/examen_description
[0.473s] Level 1:colcon.colcon_core.environment:checking '/home/robousr/ROS2Dev/Robofriends/install/examen_description' for CMake module files
[0.473s] Level 1:colcon.colcon_core.environment:checking '/home/robousr/ROS2Dev/Robofriends/install/examen_description' for CMake config files
[0.474s] Level 1:colcon.colcon_core.shell:create_environment_hook('examen_description', 'cmake_prefix_path')
[0.474s] INFO:colcon.colcon_core.shell:Creating environment hook '/home/robousr/ROS2Dev/Robofriends/install/examen_description/share/examen_description/hook/cmake_prefix_path.ps1'
[0.475s] INFO:colcon.colcon_core.shell:Creating environment descriptor '/home/robousr/ROS2Dev/Robofriends/install/examen_description/share/examen_description/hook/cmake_prefix_path.dsv'
[0.475s] INFO:colcon.colcon_core.shell:Creating environment hook '/home/robousr/ROS2Dev/Robofriends/install/examen_description/share/examen_description/hook/cmake_prefix_path.sh'
[0.476s] Level 1:colcon.colcon_core.environment:checking '/home/robousr/ROS2Dev/Robofriends/install/examen_description/bin'
[0.477s] Level 1:colcon.colcon_core.environment:checking '/home/robousr/ROS2Dev/Robofriends/install/examen_description/lib/pkgconfig/examen_description.pc'
[0.477s] Level 1:colcon.colcon_core.environment:checking '/home/robousr/ROS2Dev/Robofriends/install/examen_description/lib/python3.10/site-packages'
[0.478s] Level 1:colcon.colcon_core.environment:checking '/home/robousr/ROS2Dev/Robofriends/install/examen_description/bin'
[0.478s] INFO:colcon.colcon_core.shell:Creating package script '/home/robousr/ROS2Dev/Robofriends/install/examen_description/share/examen_description/package.ps1'
[0.479s] INFO:colcon.colcon_core.shell:Creating package descriptor '/home/robousr/ROS2Dev/Robofriends/install/examen_description/share/examen_description/package.dsv'
[0.480s] INFO:colcon.colcon_core.shell:Creating package script '/home/robousr/ROS2Dev/Robofriends/install/examen_description/share/examen_description/package.sh'
[0.480s] INFO:colcon.colcon_core.shell:Creating package script '/home/robousr/ROS2Dev/Robofriends/install/examen_description/share/examen_description/package.bash'
[0.482s] INFO:colcon.colcon_core.shell:Creating package script '/home/robousr/ROS2Dev/Robofriends/install/examen_description/share/examen_description/package.zsh'
[0.483s] Level 1:colcon.colcon_core.environment:create_file_with_runtime_dependencies(/home/robousr/ROS2Dev/Robofriends/install/examen_description/share/colcon-core/packages/examen_description)
[0.511s] Level 1:colcon.colcon_core.environment:create_environment_scripts_only(examen_description)
[0.512s] Level 1:colcon.colcon_core.environment:checking '/home/robousr/ROS2Dev/Robofriends/install/examen_description' for CMake module files
[0.513s] Level 1:colcon.colcon_core.environment:checking '/home/robousr/ROS2Dev/Robofriends/install/examen_description' for CMake config files
[0.513s] Level 1:colcon.colcon_core.shell:create_environment_hook('examen_description', 'cmake_prefix_path')
[0.513s] INFO:colcon.colcon_core.shell:Creating environment hook '/home/robousr/ROS2Dev/Robofriends/install/examen_description/share/examen_description/hook/cmake_prefix_path.ps1'
[0.514s] INFO:colcon.colcon_core.shell:Creating environment descriptor '/home/robousr/ROS2Dev/Robofriends/install/examen_description/share/examen_description/hook/cmake_prefix_path.dsv'
[0.515s] INFO:colcon.colcon_core.shell:Creating environment hook '/home/robousr/ROS2Dev/Robofriends/install/examen_description/share/examen_description/hook/cmake_prefix_path.sh'
[0.515s] Level 1:colcon.colcon_core.environment:checking '/home/robousr/ROS2Dev/Robofriends/install/examen_description/bin'
[0.515s] Level 1:colcon.colcon_core.environment:checking '/home/robousr/ROS2Dev/Robofriends/install/examen_description/lib/pkgconfig/examen_description.pc'
[0.516s] Level 1:colcon.colcon_core.environment:checking '/home/robousr/ROS2Dev/Robofriends/install/examen_description/lib/python3.10/site-packages'
[0.516s] Level 1:colcon.colcon_core.environment:checking '/home/robousr/ROS2Dev/Robofriends/install/examen_description/bin'
[0.516s] INFO:colcon.colcon_core.shell:Creating package script '/home/robousr/ROS2Dev/Robofriends/install/examen_description/share/examen_description/package.ps1'
[0.517s] INFO:colcon.colcon_core.shell:Creating package descriptor '/home/robousr/ROS2Dev/Robofriends/install/examen_description/share/examen_description/package.dsv'
[0.518s] INFO:colcon.colcon_core.shell:Creating package script '/home/robousr/ROS2Dev/Robofriends/install/examen_description/share/examen_description/package.sh'
[0.518s] INFO:colcon.colcon_core.shell:Creating package script '/home/robousr/ROS2Dev/Robofriends/install/examen_description/share/examen_description/package.bash'
[0.519s] INFO:colcon.colcon_core.shell:Creating package script '/home/robousr/ROS2Dev/Robofriends/install/examen_description/share/examen_description/package.zsh'
[0.519s] Level 1:colcon.colcon_core.environment:create_file_with_runtime_dependencies(/home/robousr/ROS2Dev/Robofriends/install/examen_description/share/colcon-core/packages/examen_description)
[0.787s] DEBUG:colcon.colcon_core.event_handler.log_command:Invoked command in '/home/robousr/ROS2Dev/Robofriends/build/examen_bringup' returned '0': CMAKE_PREFIX_PATH=${CMAKE_PREFIX_PATH}:/opt/ros/humble /usr/bin/cmake --build /home/robousr/ROS2Dev/Robofriends/build/examen_bringup -- -j2 -l2
[0.814s] DEBUG:colcon.colcon_core.event_handler.log_command:Invoking command in '/home/robousr/ROS2Dev/Robofriends/build/examen_bringup': CMAKE_PREFIX_PATH=${CMAKE_PREFIX_PATH}:/opt/ros/humble /usr/bin/cmake --install /home/robousr/ROS2Dev/Robofriends/build/examen_bringup
[0.904s] Level 1:colcon.colcon_core.environment:create_environment_scripts_only(examen_bringup)
[0.904s] DEBUG:colcon.colcon_core.event_handler.log_command:Invoked command in '/home/robousr/ROS2Dev/Robofriends/build/examen_bringup' returned '0': CMAKE_PREFIX_PATH=${CMAKE_PREFIX_PATH}:/opt/ros/humble /usr/bin/cmake --install /home/robousr/ROS2Dev/Robofriends/build/examen_bringup
[0.905s] Level 1:colcon.colcon_core.environment:checking '/home/robousr/ROS2Dev/Robofriends/install/examen_bringup' for CMake module files
[0.905s] Level 1:colcon.colcon_core.environment:checking '/home/robousr/ROS2Dev/Robofriends/install/examen_bringup' for CMake config files
[0.905s] Level 1:colcon.colcon_core.shell:create_environment_hook('examen_bringup', 'cmake_prefix_path')
[0.906s] INFO:colcon.colcon_core.shell:Creating environment hook '/home/robousr/ROS2Dev/Robofriends/install/examen_bringup/share/examen_bringup/hook/cmake_prefix_path.ps1'
[0.906s] INFO:colcon.colcon_core.shell:Creating environment descriptor '/home/robousr/ROS2Dev/Robofriends/install/examen_bringup/share/examen_bringup/hook/cmake_prefix_path.dsv'
[0.907s] INFO:colcon.colcon_core.shell:Creating environment hook '/home/robousr/ROS2Dev/Robofriends/install/examen_bringup/share/examen_bringup/hook/cmake_prefix_path.sh'
[0.907s] Level 1:colcon.colcon_core.environment:checking '/home/robousr/ROS2Dev/Robofriends/install/examen_bringup/lib'
[0.908s] Level 1:colcon.colcon_core.environment:checking '/home/robousr/ROS2Dev/Robofriends/install/examen_bringup/bin'
[0.908s] Level 1:colcon.colcon_core.environment:checking '/home/robousr/ROS2Dev/Robofriends/install/examen_bringup/lib/pkgconfig/examen_bringup.pc'
[0.908s] Level 1:colcon.colcon_core.environment:checking '/home/robousr/ROS2Dev/Robofriends/install/examen_bringup/lib/python3.10/site-packages'
[0.908s] Level 1:colcon.colcon_core.environment:checking '/home/robousr/ROS2Dev/Robofriends/install/examen_bringup/bin'
[0.908s] INFO:colcon.colcon_core.shell:Creating package script '/home/robousr/ROS2Dev/Robofriends/install/examen_bringup/share/examen_bringup/package.ps1'
[0.909s] INFO:colcon.colcon_core.shell:Creating package descriptor '/home/robousr/ROS2Dev/Robofriends/install/examen_bringup/share/examen_bringup/package.dsv'
[0.909s] INFO:colcon.colcon_core.shell:Creating package script '/home/robousr/ROS2Dev/Robofriends/install/examen_bringup/share/examen_bringup/package.sh'
[0.910s] INFO:colcon.colcon_core.shell:Creating package script '/home/robousr/ROS2Dev/Robofriends/install/examen_bringup/share/examen_bringup/package.bash'
[0.910s] INFO:colcon.colcon_core.shell:Creating package script '/home/robousr/ROS2Dev/Robofriends/install/examen_bringup/share/examen_bringup/package.zsh'
[0.910s] Level 1:colcon.colcon_core.environment:create_file_with_runtime_dependencies(/home/robousr/ROS2Dev/Robofriends/install/examen_bringup/share/colcon-core/packages/examen_bringup)
[0.936s] Level 1:colcon.colcon_core.environment:create_environment_scripts_only(examen_bringup)
[0.936s] Level 1:colcon.colcon_core.environment:checking '/home/robousr/ROS2Dev/Robofriends/install/examen_bringup' for CMake module files
[0.937s] Level 1:colcon.colcon_core.environment:checking '/home/robousr/ROS2Dev/Robofriends/install/examen_bringup' for CMake config files
[0.937s] Level 1:colcon.colcon_core.shell:create_environment_hook('examen_bringup', 'cmake_prefix_path')
[0.937s] INFO:colcon.colcon_core.shell:Creating environment hook '/home/robousr/ROS2Dev/Robofriends/install/examen_bringup/share/examen_bringup/hook/cmake_prefix_path.ps1'
[0.937s] INFO:colcon.colcon_core.shell:Creating environment descriptor '/home/robousr/ROS2Dev/Robofriends/install/examen_bringup/share/examen_bringup/hook/cmake_prefix_path.dsv'
[0.938s] INFO:colcon.colcon_core.shell:Creating environment hook '/home/robousr/ROS2Dev/Robofriends/install/examen_bringup/share/examen_bringup/hook/cmake_prefix_path.sh'
[0.938s] Level 1:colcon.colcon_core.environment:checking '/home/robousr/ROS2Dev/Robofriends/install/examen_bringup/lib'
[0.939s] Level 1:colcon.colcon_core.environment:checking '/home/robousr/ROS2Dev/Robofriends/install/examen_bringup/bin'
[0.939s] Level 1:colcon.colcon_core.environment:checking '/home/robousr/ROS2Dev/Robofriends/install/examen_bringup/lib/pkgconfig/examen_bringup.pc'
[0.939s] Level 1:colcon.colcon_core.environment:checking '/home/robousr/ROS2Dev/Robofriends/install/examen_bringup/lib/python3.10/site-packages'
[0.939s] Level 1:colcon.colcon_core.environment:checking '/home/robousr/ROS2Dev/Robofriends/install/examen_bringup/bin'
[0.939s] INFO:colcon.colcon_core.shell:Creating package script '/home/robousr/ROS2Dev/Robofriends/install/examen_bringup/share/examen_bringup/package.ps1'
[0.940s] INFO:colcon.colcon_core.shell:Creating package descriptor '/home/robousr/ROS2Dev/Robofriends/install/examen_bringup/share/examen_bringup/package.dsv'
[0.940s] INFO:colcon.colcon_core.shell:Creating package script '/home/robousr/ROS2Dev/Robofriends/install/examen_bringup/share/examen_bringup/package.sh'
[0.940s] INFO:colcon.colcon_core.shell:Creating package script '/home/robousr/ROS2Dev/Robofriends/install/examen_bringup/share/examen_bringup/package.bash'
[0.941s] INFO:colcon.colcon_core.shell:Creating package script '/home/robousr/ROS2Dev/Robofriends/install/examen_bringup/share/examen_bringup/package.zsh'
[0.941s] Level 1:colcon.colcon_core.environment:create_file_with_runtime_dependencies(/home/robousr/ROS2Dev/Robofriends/install/examen_bringup/share/colcon-core/packages/examen_bringup)
[0.941s] DEBUG:colcon.colcon_parallel_executor.executor.parallel:closing loop
[0.942s] DEBUG:colcon.colcon_parallel_executor.executor.parallel:loop closed
[0.942s] DEBUG:colcon.colcon_parallel_executor.executor.parallel:run_until_complete finished with '0'
[0.942s] DEBUG:colcon.colcon_core.event_reactor:joining thread
[0.948s] INFO:colcon.colcon_core.plugin_system:Skipping extension 'colcon_notification.desktop_notification.terminal_notifier': Not used on non-Darwin systems
[0.948s] INFO:colcon.colcon_core.plugin_system:Skipping extension 'colcon_notification.desktop_notification.win32': Not used on non-Windows systems
[0.948s] INFO:colcon.colcon_notification.desktop_notification:Sending desktop notification using 'notify2'
[0.961s] DEBUG:colcon.colcon_core.event_reactor:joined thread
[0.961s] INFO:colcon.colcon_core.shell:Creating prefix script '/home/robousr/ROS2Dev/Robofriends/install/local_setup.ps1'
[0.962s] INFO:colcon.colcon_core.shell:Creating prefix util module '/home/robousr/ROS2Dev/Robofriends/install/_local_setup_util_ps1.py'
[0.964s] INFO:colcon.colcon_core.shell:Creating prefix chain script '/home/robousr/ROS2Dev/Robofriends/install/setup.ps1'
[0.965s] INFO:colcon.colcon_core.shell:Creating prefix script '/home/robousr/ROS2Dev/Robofriends/install/local_setup.sh'
[0.965s] INFO:colcon.colcon_core.shell:Creating prefix util module '/home/robousr/ROS2Dev/Robofriends/install/_local_setup_util_sh.py'
[0.966s] INFO:colcon.colcon_core.shell:Creating prefix chain script '/home/robousr/ROS2Dev/Robofriends/install/setup.sh'
[0.967s] INFO:colcon.colcon_core.shell:Creating prefix script '/home/robousr/ROS2Dev/Robofriends/install/local_setup.bash'
[0.968s] INFO:colcon.colcon_core.shell:Creating prefix chain script '/home/robousr/ROS2Dev/Robofriends/install/setup.bash'
[0.969s] INFO:colcon.colcon_core.shell:Creating prefix script '/home/robousr/ROS2Dev/Robofriends/install/local_setup.zsh'
[0.969s] INFO:colcon.colcon_core.shell:Creating prefix chain script '/home/robousr/ROS2Dev/Robofriends/install/setup.zsh'
