-- The C compiler identification is GNU 11.4.0
-- The CXX compiler identification is GNU 11.4.0
-- Detecting C compiler ABI info
-- Detecting C compiler ABI info - done
-- Check for working C compiler: /usr/bin/cc - skipped
-- Detecting C compile features
-- Detecting C compile features - done
-- Detecting CXX compiler ABI info
-- Detecting CXX compiler ABI info - done
-- Check for working CXX compiler: /usr/bin/c++ - skipped
-- Detecting CXX compile features
-- Detecting CXX compile features - done
-- Found ament_cmake: 1.3.10 (/opt/ros/humble/share/ament_cmake/cmake)
-- Found Python3: /home/robousr/.pyenv/shims/python3 (found version "3.10.12") found components: Interpreter 
-- Found rclpy: 3.3.14 (/opt/ros/humble/share/rclpy/cmake)
-- Found std_msgs: 4.2.4 (/opt/ros/humble/share/std_msgs/cmake)
-- Found rosidl_generator_c: 3.1.5 (/opt/ros/humble/share/rosidl_generator_c/cmake)
-- Found rosidl_adapter: 3.1.5 (/opt/ros/humble/share/rosidl_adapter/cmake)
-- Found rosidl_generator_cpp: 3.1.5 (/opt/ros/humble/share/rosidl_generator_cpp/cmake)
-- Using all available rosidl_typesupport_c: rosidl_typesupport_fastrtps_c;rosidl_typesupport_introspection_c
-- Using all available rosidl_typesupport_cpp: rosidl_typesupport_fastrtps_cpp;rosidl_typesupport_introspection_cpp
-- Found control_msgs: 4.6.0 (/opt/ros/humble/share/control_msgs/cmake)
-- Configuring done
-- Generating done
-- Build files have been written to: /home/robousr/ROS2Dev/Robofriends/build/examen_bringup
Built target ament_cmake_python_copy_examen_bringup
running egg_info
creating examen_bringup.egg-info
writing examen_bringup.egg-info/PKG-INFO
writing dependency_links to examen_bringup.egg-info/dependency_links.txt
writing top-level names to examen_bringup.egg-info/top_level.txt
writing manifest file 'examen_bringup.egg-info/SOURCES.txt'
reading manifest file 'examen_bringup.egg-info/SOURCES.txt'
writing manifest file 'examen_bringup.egg-info/SOURCES.txt'
Built target ament_cmake_python_build_examen_bringup_egg
-- Install configuration: ""
-- Installing: /home/robousr/ROS2Dev/Robofriends/install/examen_bringup/share/examen_bringup//launch
-- Installing: /home/robousr/ROS2Dev/Robofriends/install/examen_bringup/share/examen_bringup//launch/roberto_pos_controller_scara.launch.py
-- Installing: /home/robousr/ROS2Dev/Robofriends/install/examen_bringup/share/examen_bringup//launch/tes2_trayectory_controller_scara.launch.py
-- Installing: /home/robousr/ROS2Dev/Robofriends/install/examen_bringup/share/examen_bringup//launch/position_controller_scara.launch.py
-- Installing: /home/robousr/ROS2Dev/Robofriends/install/examen_bringup/share/examen_bringup//launch/test_trajectory_controller.launch.py
-- Installing: /home/robousr/ROS2Dev/Robofriends/install/examen_bringup/share/examen_bringup//launch/trajectory_controller_scara.launch.py
-- Installing: /home/robousr/ROS2Dev/Robofriends/install/examen_bringup/share/examen_bringup//launch/simple_controller_scara.launch.py
-- Installing: /home/robousr/ROS2Dev/Robofriends/install/examen_bringup/share/examen_bringup//rviz
-- Installing: /home/robousr/ROS2Dev/Robofriends/install/examen_bringup/share/examen_bringup//rviz/scara_trajectory_controller_rviz.rviz
-- Installing: /home/robousr/ROS2Dev/Robofriends/install/examen_bringup/share/examen_bringup//world
-- Installing: /home/robousr/ROS2Dev/Robofriends/install/examen_bringup/share/examen_bringup//world/test_2_world.world
-- Installing: /home/robousr/ROS2Dev/Robofriends/install/examen_bringup/share/examen_bringup//world/test_2_world
-- Installing: /home/robousr/ROS2Dev/Robofriends/install/examen_bringup/share/examen_bringup//world/test_2_world/roberto
-- Installing: /home/robousr/ROS2Dev/Robofriends/install/examen_bringup/share/examen_bringup//world/test_2_world/roberto/model.sdf
-- Installing: /home/robousr/ROS2Dev/Robofriends/install/examen_bringup/share/examen_bringup//world/test_2_world/roberto/model.config
-- Installing: /home/robousr/ROS2Dev/Robofriends/install/examen_bringup/share/examen_bringup//world/test_world
-- Installing: /home/robousr/ROS2Dev/Robofriends/install/examen_bringup/share/examen_bringup//world/test_world/model.sdf
-- Installing: /home/robousr/ROS2Dev/Robofriends/install/examen_bringup/share/examen_bringup//world/test_world/model.config
-- Installing: /home/robousr/ROS2Dev/Robofriends/install/examen_bringup/share/examen_bringup//world/test_w_1.world
-- Installing: /home/robousr/ROS2Dev/Robofriends/install/examen_bringup/share/examen_bringup//src
-- Installing: /home/robousr/ROS2Dev/Robofriends/install/examen_bringup/share/examen_bringup//src/multi_tray.py
-- Installing: /home/robousr/ROS2Dev/Robofriends/install/examen_bringup/share/examen_bringup//src/position_test.py
-- Installing: /home/robousr/ROS2Dev/Robofriends/install/examen_bringup/share/examen_bringup//src/trajectory_test.py
-- Installing: /home/robousr/ROS2Dev/Robofriends/install/examen_bringup/share/examen_bringup//src/tray_test.py
-- Installing: /home/robousr/ROS2Dev/Robofriends/install/examen_bringup/share/examen_bringup/environment/pythonpath.sh
-- Installing: /home/robousr/ROS2Dev/Robofriends/install/examen_bringup/share/examen_bringup/environment/pythonpath.dsv
-- Installing: /home/robousr/ROS2Dev/Robofriends/install/examen_bringup/local/lib/python3.10/dist-packages/examen_bringup-0.0.0-py3.10.egg-info
-- Installing: /home/robousr/ROS2Dev/Robofriends/install/examen_bringup/local/lib/python3.10/dist-packages/examen_bringup-0.0.0-py3.10.egg-info/dependency_links.txt
-- Installing: /home/robousr/ROS2Dev/Robofriends/install/examen_bringup/local/lib/python3.10/dist-packages/examen_bringup-0.0.0-py3.10.egg-info/PKG-INFO
-- Installing: /home/robousr/ROS2Dev/Robofriends/install/examen_bringup/local/lib/python3.10/dist-packages/examen_bringup-0.0.0-py3.10.egg-info/top_level.txt
-- Installing: /home/robousr/ROS2Dev/Robofriends/install/examen_bringup/local/lib/python3.10/dist-packages/examen_bringup-0.0.0-py3.10.egg-info/SOURCES.txt
-- Installing: /home/robousr/ROS2Dev/Robofriends/install/examen_bringup/local/lib/python3.10/dist-packages/examen_bringup
-- Installing: /home/robousr/ROS2Dev/Robofriends/install/examen_bringup/local/lib/python3.10/dist-packages/examen_bringup/__init__.py
Listing '/home/robousr/ROS2Dev/Robofriends/install/examen_bringup/local/lib/python3.10/dist-packages/examen_bringup'...
Compiling '/home/robousr/ROS2Dev/Robofriends/install/examen_bringup/local/lib/python3.10/dist-packages/examen_bringup/__init__.py'...
-- Installing: /home/robousr/ROS2Dev/Robofriends/install/examen_bringup/lib/examen_bringup/trajectory_test.py
-- Installing: /home/robousr/ROS2Dev/Robofriends/install/examen_bringup/lib/examen_bringup/tray_test.py
-- Installing: /home/robousr/ROS2Dev/Robofriends/install/examen_bringup/lib/examen_bringup/multi_tray.py
-- Installing: /home/robousr/ROS2Dev/Robofriends/install/examen_bringup/share/ament_index/resource_index/package_run_dependencies/examen_bringup
-- Installing: /home/robousr/ROS2Dev/Robofriends/install/examen_bringup/share/ament_index/resource_index/parent_prefix_path/examen_bringup
-- Installing: /home/robousr/ROS2Dev/Robofriends/install/examen_bringup/share/examen_bringup/environment/ament_prefix_path.sh
-- Installing: /home/robousr/ROS2Dev/Robofriends/install/examen_bringup/share/examen_bringup/environment/ament_prefix_path.dsv
-- Installing: /home/robousr/ROS2Dev/Robofriends/install/examen_bringup/share/examen_bringup/environment/path.sh
-- Installing: /home/robousr/ROS2Dev/Robofriends/install/examen_bringup/share/examen_bringup/environment/path.dsv
-- Installing: /home/robousr/ROS2Dev/Robofriends/install/examen_bringup/share/examen_bringup/local_setup.bash
-- Installing: /home/robousr/ROS2Dev/Robofriends/install/examen_bringup/share/examen_bringup/local_setup.sh
-- Installing: /home/robousr/ROS2Dev/Robofriends/install/examen_bringup/share/examen_bringup/local_setup.zsh
-- Installing: /home/robousr/ROS2Dev/Robofriends/install/examen_bringup/share/examen_bringup/local_setup.dsv
-- Installing: /home/robousr/ROS2Dev/Robofriends/install/examen_bringup/share/examen_bringup/package.dsv
-- Installing: /home/robousr/ROS2Dev/Robofriends/install/examen_bringup/share/ament_index/resource_index/packages/examen_bringup
-- Installing: /home/robousr/ROS2Dev/Robofriends/install/examen_bringup/share/examen_bringup/cmake/examen_bringupConfig.cmake
-- Installing: /home/robousr/ROS2Dev/Robofriends/install/examen_bringup/share/examen_bringup/cmake/examen_bringupConfig-version.cmake
-- Installing: /home/robousr/ROS2Dev/Robofriends/install/examen_bringup/share/examen_bringup/package.xml
