[0.017s] Invoking command in '/home/robousr/ROS2Dev/Robofriends/build/examen_bringup': CMAKE_PREFIX_PATH=/opt/ros/humble /usr/bin/cmake /home/robousr/ROS2Dev/Robofriends/examen_bringup -DCMAKE_INSTALL_PREFIX=/home/robousr/ROS2Dev/Robofriends/install/examen_bringup
[0.279s] -- The C compiler identification is GNU 11.4.0
[0.472s] -- The CXX compiler identification is GNU 11.4.0
[0.482s] -- Detecting C compiler ABI info
[0.588s] -- Detecting C compiler ABI info - done
[0.594s] -- Check for working C compiler: /usr/bin/cc - skipped
[0.595s] -- Detecting C compile features
[0.596s] -- Detecting C compile features - done
[0.599s] -- Detecting CXX compiler ABI info
[0.688s] -- Detecting CXX compiler ABI info - done
[0.694s] -- Check for working CXX compiler: /usr/bin/c++ - skipped
[0.694s] -- Detecting CXX compile features
[0.695s] -- Detecting CXX compile features - done
[0.700s] -- Found ament_cmake: 1.3.10 (/opt/ros/humble/share/ament_cmake/cmake)
[1.073s] -- Found Python3: /home/robousr/.pyenv/shims/python3 (found version "3.10.12") found components: Interpreter 
[1.185s] -- Found rclpy: 3.3.14 (/opt/ros/humble/share/rclpy/cmake)
[1.186s] -- Found std_msgs: 4.2.4 (/opt/ros/humble/share/std_msgs/cmake)
[1.236s] -- Found rosidl_generator_c: 3.1.5 (/opt/ros/humble/share/rosidl_generator_c/cmake)
[1.243s] -- Found rosidl_adapter: 3.1.5 (/opt/ros/humble/share/rosidl_adapter/cmake)
[1.256s] -- Found rosidl_generator_cpp: 3.1.5 (/opt/ros/humble/share/rosidl_generator_cpp/cmake)
[1.273s] -- Using all available rosidl_typesupport_c: rosidl_typesupport_fastrtps_c;rosidl_typesupport_introspection_c
[1.292s] -- Using all available rosidl_typesupport_cpp: rosidl_typesupport_fastrtps_cpp;rosidl_typesupport_introspection_cpp
[1.323s] -- Found control_msgs: 4.6.0 (/opt/ros/humble/share/control_msgs/cmake)
[1.700s] -- Configuring done
[1.704s] -- Generating done
[1.705s] -- Build files have been written to: /home/robousr/ROS2Dev/Robofriends/build/examen_bringup
[1.714s] Invoked command in '/home/robousr/ROS2Dev/Robofriends/build/examen_bringup' returned '0': CMAKE_PREFIX_PATH=/opt/ros/humble /usr/bin/cmake /home/robousr/ROS2Dev/Robofriends/examen_bringup -DCMAKE_INSTALL_PREFIX=/home/robousr/ROS2Dev/Robofriends/install/examen_bringup
[1.715s] Invoking command in '/home/robousr/ROS2Dev/Robofriends/build/examen_bringup': CMAKE_PREFIX_PATH=/opt/ros/humble /usr/bin/cmake --build /home/robousr/ROS2Dev/Robofriends/build/examen_bringup -- -j2 -l2
[1.768s] Built target ament_cmake_python_copy_examen_bringup
[2.092s] running egg_info
[2.092s] creating examen_bringup.egg-info
[2.092s] writing examen_bringup.egg-info/PKG-INFO
[2.093s] writing dependency_links to examen_bringup.egg-info/dependency_links.txt
[2.093s] writing top-level names to examen_bringup.egg-info/top_level.txt
[2.093s] writing manifest file 'examen_bringup.egg-info/SOURCES.txt'
[2.096s] reading manifest file 'examen_bringup.egg-info/SOURCES.txt'
[2.097s] writing manifest file 'examen_bringup.egg-info/SOURCES.txt'
[2.118s] Built target ament_cmake_python_build_examen_bringup_egg
[2.128s] Invoked command in '/home/robousr/ROS2Dev/Robofriends/build/examen_bringup' returned '0': CMAKE_PREFIX_PATH=/opt/ros/humble /usr/bin/cmake --build /home/robousr/ROS2Dev/Robofriends/build/examen_bringup -- -j2 -l2
[2.153s] Invoking command in '/home/robousr/ROS2Dev/Robofriends/build/examen_bringup': CMAKE_PREFIX_PATH=/opt/ros/humble /usr/bin/cmake --install /home/robousr/ROS2Dev/Robofriends/build/examen_bringup
[2.161s] -- Install configuration: ""
[2.162s] -- Installing: /home/robousr/ROS2Dev/Robofriends/install/examen_bringup/share/examen_bringup//launch
[2.162s] -- Installing: /home/robousr/ROS2Dev/Robofriends/install/examen_bringup/share/examen_bringup//launch/roberto_pos_controller_scara.launch.py
[2.162s] -- Installing: /home/robousr/ROS2Dev/Robofriends/install/examen_bringup/share/examen_bringup//launch/tes2_trayectory_controller_scara.launch.py
[2.162s] -- Installing: /home/robousr/ROS2Dev/Robofriends/install/examen_bringup/share/examen_bringup//launch/position_controller_scara.launch.py
[2.162s] -- Installing: /home/robousr/ROS2Dev/Robofriends/install/examen_bringup/share/examen_bringup//launch/test_trajectory_controller.launch.py
[2.162s] -- Installing: /home/robousr/ROS2Dev/Robofriends/install/examen_bringup/share/examen_bringup//launch/trajectory_controller_scara.launch.py
[2.162s] -- Installing: /home/robousr/ROS2Dev/Robofriends/install/examen_bringup/share/examen_bringup//launch/simple_controller_scara.launch.py
[2.162s] -- Installing: /home/robousr/ROS2Dev/Robofriends/install/examen_bringup/share/examen_bringup//rviz
[2.162s] -- Installing: /home/robousr/ROS2Dev/Robofriends/install/examen_bringup/share/examen_bringup//rviz/scara_trajectory_controller_rviz.rviz
[2.162s] -- Installing: /home/robousr/ROS2Dev/Robofriends/install/examen_bringup/share/examen_bringup//world
[2.163s] -- Installing: /home/robousr/ROS2Dev/Robofriends/install/examen_bringup/share/examen_bringup//world/test_2_world.world
[2.163s] -- Installing: /home/robousr/ROS2Dev/Robofriends/install/examen_bringup/share/examen_bringup//world/test_2_world
[2.163s] -- Installing: /home/robousr/ROS2Dev/Robofriends/install/examen_bringup/share/examen_bringup//world/test_2_world/roberto
[2.163s] -- Installing: /home/robousr/ROS2Dev/Robofriends/install/examen_bringup/share/examen_bringup//world/test_2_world/roberto/model.sdf
[2.163s] -- Installing: /home/robousr/ROS2Dev/Robofriends/install/examen_bringup/share/examen_bringup//world/test_2_world/roberto/model.config
[2.163s] -- Installing: /home/robousr/ROS2Dev/Robofriends/install/examen_bringup/share/examen_bringup//world/test_world
[2.163s] -- Installing: /home/robousr/ROS2Dev/Robofriends/install/examen_bringup/share/examen_bringup//world/test_world/model.sdf
[2.163s] -- Installing: /home/robousr/ROS2Dev/Robofriends/install/examen_bringup/share/examen_bringup//world/test_world/model.config
[2.163s] -- Installing: /home/robousr/ROS2Dev/Robofriends/install/examen_bringup/share/examen_bringup//world/test_w_1.world
[2.163s] -- Installing: /home/robousr/ROS2Dev/Robofriends/install/examen_bringup/share/examen_bringup//src
[2.163s] -- Installing: /home/robousr/ROS2Dev/Robofriends/install/examen_bringup/share/examen_bringup//src/multi_tray.py
[2.163s] -- Installing: /home/robousr/ROS2Dev/Robofriends/install/examen_bringup/share/examen_bringup//src/position_test.py
[2.163s] -- Installing: /home/robousr/ROS2Dev/Robofriends/install/examen_bringup/share/examen_bringup//src/trajectory_test.py
[2.163s] -- Installing: /home/robousr/ROS2Dev/Robofriends/install/examen_bringup/share/examen_bringup//src/tray_test.py
[2.163s] -- Installing: /home/robousr/ROS2Dev/Robofriends/install/examen_bringup/share/examen_bringup/environment/pythonpath.sh
[2.164s] -- Installing: /home/robousr/ROS2Dev/Robofriends/install/examen_bringup/share/examen_bringup/environment/pythonpath.dsv
[2.164s] -- Installing: /home/robousr/ROS2Dev/Robofriends/install/examen_bringup/local/lib/python3.10/dist-packages/examen_bringup-0.0.0-py3.10.egg-info
[2.164s] -- Installing: /home/robousr/ROS2Dev/Robofriends/install/examen_bringup/local/lib/python3.10/dist-packages/examen_bringup-0.0.0-py3.10.egg-info/dependency_links.txt
[2.164s] -- Installing: /home/robousr/ROS2Dev/Robofriends/install/examen_bringup/local/lib/python3.10/dist-packages/examen_bringup-0.0.0-py3.10.egg-info/PKG-INFO
[2.164s] -- Installing: /home/robousr/ROS2Dev/Robofriends/install/examen_bringup/local/lib/python3.10/dist-packages/examen_bringup-0.0.0-py3.10.egg-info/top_level.txt
[2.164s] -- Installing: /home/robousr/ROS2Dev/Robofriends/install/examen_bringup/local/lib/python3.10/dist-packages/examen_bringup-0.0.0-py3.10.egg-info/SOURCES.txt
[2.164s] -- Installing: /home/robousr/ROS2Dev/Robofriends/install/examen_bringup/local/lib/python3.10/dist-packages/examen_bringup
[2.165s] -- Installing: /home/robousr/ROS2Dev/Robofriends/install/examen_bringup/local/lib/python3.10/dist-packages/examen_bringup/__init__.py
[2.230s] Listing '/home/robousr/ROS2Dev/Robofriends/install/examen_bringup/local/lib/python3.10/dist-packages/examen_bringup'...
[2.230s] Compiling '/home/robousr/ROS2Dev/Robofriends/install/examen_bringup/local/lib/python3.10/dist-packages/examen_bringup/__init__.py'...
[2.231s] -- Installing: /home/robousr/ROS2Dev/Robofriends/install/examen_bringup/lib/examen_bringup/trajectory_test.py
[2.231s] -- Installing: /home/robousr/ROS2Dev/Robofriends/install/examen_bringup/lib/examen_bringup/tray_test.py
[2.231s] -- Installing: /home/robousr/ROS2Dev/Robofriends/install/examen_bringup/lib/examen_bringup/multi_tray.py
[2.231s] -- Installing: /home/robousr/ROS2Dev/Robofriends/install/examen_bringup/share/ament_index/resource_index/package_run_dependencies/examen_bringup
[2.232s] -- Installing: /home/robousr/ROS2Dev/Robofriends/install/examen_bringup/share/ament_index/resource_index/parent_prefix_path/examen_bringup
[2.232s] -- Installing: /home/robousr/ROS2Dev/Robofriends/install/examen_bringup/share/examen_bringup/environment/ament_prefix_path.sh
[2.232s] -- Installing: /home/robousr/ROS2Dev/Robofriends/install/examen_bringup/share/examen_bringup/environment/ament_prefix_path.dsv
[2.232s] -- Installing: /home/robousr/ROS2Dev/Robofriends/install/examen_bringup/share/examen_bringup/environment/path.sh
[2.232s] -- Installing: /home/robousr/ROS2Dev/Robofriends/install/examen_bringup/share/examen_bringup/environment/path.dsv
[2.232s] -- Installing: /home/robousr/ROS2Dev/Robofriends/install/examen_bringup/share/examen_bringup/local_setup.bash
[2.233s] -- Installing: /home/robousr/ROS2Dev/Robofriends/install/examen_bringup/share/examen_bringup/local_setup.sh
[2.233s] -- Installing: /home/robousr/ROS2Dev/Robofriends/install/examen_bringup/share/examen_bringup/local_setup.zsh
[2.233s] -- Installing: /home/robousr/ROS2Dev/Robofriends/install/examen_bringup/share/examen_bringup/local_setup.dsv
[2.233s] -- Installing: /home/robousr/ROS2Dev/Robofriends/install/examen_bringup/share/examen_bringup/package.dsv
[2.234s] -- Installing: /home/robousr/ROS2Dev/Robofriends/install/examen_bringup/share/ament_index/resource_index/packages/examen_bringup
[2.234s] -- Installing: /home/robousr/ROS2Dev/Robofriends/install/examen_bringup/share/examen_bringup/cmake/examen_bringupConfig.cmake
[2.234s] -- Installing: /home/robousr/ROS2Dev/Robofriends/install/examen_bringup/share/examen_bringup/cmake/examen_bringupConfig-version.cmake
[2.234s] -- Installing: /home/robousr/ROS2Dev/Robofriends/install/examen_bringup/share/examen_bringup/package.xml
[2.236s] Invoked command in '/home/robousr/ROS2Dev/Robofriends/build/examen_bringup' returned '0': CMAKE_PREFIX_PATH=/opt/ros/humble /usr/bin/cmake --install /home/robousr/ROS2Dev/Robofriends/build/examen_bringup
