Built target ament_cmake_python_copy_examen_bringup
running egg_info
writing examen_bringup.egg-info/PKG-INFO
writing dependency_links to examen_bringup.egg-info/dependency_links.txt
writing top-level names to examen_bringup.egg-info/top_level.txt
reading manifest file 'examen_bringup.egg-info/SOURCES.txt'
writing manifest file 'examen_bringup.egg-info/SOURCES.txt'
Built target ament_cmake_python_build_examen_bringup_egg
-- Install configuration: ""
-- Up-to-date: /home/robousr/ROS2Dev/Robofriends/install/examen_bringup/share/examen_bringup//launch
-- Up-to-date: /home/robousr/ROS2Dev/Robofriends/install/examen_bringup/share/examen_bringup//launch/roberto_pos_controller_scara.launch.py
-- Up-to-date: /home/robousr/ROS2Dev/Robofriends/install/examen_bringup/share/examen_bringup//launch/tes2_trayectory_controller_scara.launch.py
-- Up-to-date: /home/robousr/ROS2Dev/Robofriends/install/examen_bringup/share/examen_bringup//launch/position_controller_scara.launch.py
-- Up-to-date: /home/robousr/ROS2Dev/Robofriends/install/examen_bringup/share/examen_bringup//launch/test_trajectory_controller.launch.py
-- Up-to-date: /home/robousr/ROS2Dev/Robofriends/install/examen_bringup/share/examen_bringup//launch/trajectory_controller_scara.launch.py
-- Up-to-date: /home/robousr/ROS2Dev/Robofriends/install/examen_bringup/share/examen_bringup//launch/simple_controller_scara.launch.py
-- Up-to-date: /home/robousr/ROS2Dev/Robofriends/install/examen_bringup/share/examen_bringup//rviz
-- Up-to-date: /home/robousr/ROS2Dev/Robofriends/install/examen_bringup/share/examen_bringup//rviz/scara_trajectory_controller_rviz.rviz
-- Up-to-date: /home/robousr/ROS2Dev/Robofriends/install/examen_bringup/share/examen_bringup//world
-- Up-to-date: /home/robousr/ROS2Dev/Robofriends/install/examen_bringup/share/examen_bringup//world/test_2_world.world
-- Up-to-date: /home/robousr/ROS2Dev/Robofriends/install/examen_bringup/share/examen_bringup//world/test_2_world
-- Up-to-date: /home/robousr/ROS2Dev/Robofriends/install/examen_bringup/share/examen_bringup//world/test_2_world/roberto
-- Up-to-date: /home/robousr/ROS2Dev/Robofriends/install/examen_bringup/share/examen_bringup//world/test_2_world/roberto/model.sdf
-- Up-to-date: /home/robousr/ROS2Dev/Robofriends/install/examen_bringup/share/examen_bringup//world/test_2_world/roberto/model.config
-- Up-to-date: /home/robousr/ROS2Dev/Robofriends/install/examen_bringup/share/examen_bringup//world/test_world
-- Up-to-date: /home/robousr/ROS2Dev/Robofriends/install/examen_bringup/share/examen_bringup//world/test_world/model.sdf
-- Up-to-date: /home/robousr/ROS2Dev/Robofriends/install/examen_bringup/share/examen_bringup//world/test_world/model.config
-- Up-to-date: /home/robousr/ROS2Dev/Robofriends/install/examen_bringup/share/examen_bringup//world/test_w_1.world
-- Up-to-date: /home/robousr/ROS2Dev/Robofriends/install/examen_bringup/share/examen_bringup//src
-- Up-to-date: /home/robousr/ROS2Dev/Robofriends/install/examen_bringup/share/examen_bringup//src/multi_tray.py
-- Up-to-date: /home/robousr/ROS2Dev/Robofriends/install/examen_bringup/share/examen_bringup//src/position_test.py
-- Up-to-date: /home/robousr/ROS2Dev/Robofriends/install/examen_bringup/share/examen_bringup//src/trajectory_test.py
-- Up-to-date: /home/robousr/ROS2Dev/Robofriends/install/examen_bringup/share/examen_bringup//src/tray_test.py
-- Up-to-date: /home/robousr/ROS2Dev/Robofriends/install/examen_bringup/share/examen_bringup/environment/pythonpath.sh
-- Up-to-date: /home/robousr/ROS2Dev/Robofriends/install/examen_bringup/share/examen_bringup/environment/pythonpath.dsv
-- Up-to-date: /home/robousr/ROS2Dev/Robofriends/install/examen_bringup/local/lib/python3.10/dist-packages/examen_bringup-0.0.0-py3.10.egg-info
-- Installing: /home/robousr/ROS2Dev/Robofriends/install/examen_bringup/local/lib/python3.10/dist-packages/examen_bringup-0.0.0-py3.10.egg-info/dependency_links.txt
-- Installing: /home/robousr/ROS2Dev/Robofriends/install/examen_bringup/local/lib/python3.10/dist-packages/examen_bringup-0.0.0-py3.10.egg-info/PKG-INFO
-- Installing: /home/robousr/ROS2Dev/Robofriends/install/examen_bringup/local/lib/python3.10/dist-packages/examen_bringup-0.0.0-py3.10.egg-info/top_level.txt
-- Installing: /home/robousr/ROS2Dev/Robofriends/install/examen_bringup/local/lib/python3.10/dist-packages/examen_bringup-0.0.0-py3.10.egg-info/SOURCES.txt
-- Up-to-date: /home/robousr/ROS2Dev/Robofriends/install/examen_bringup/local/lib/python3.10/dist-packages/examen_bringup
-- Up-to-date: /home/robousr/ROS2Dev/Robofriends/install/examen_bringup/local/lib/python3.10/dist-packages/examen_bringup/__init__.py
Listing '/home/robousr/ROS2Dev/Robofriends/install/examen_bringup/local/lib/python3.10/dist-packages/examen_bringup'...
-- Up-to-date: /home/robousr/ROS2Dev/Robofriends/install/examen_bringup/lib/examen_bringup/trajectory_test.py
-- Up-to-date: /home/robousr/ROS2Dev/Robofriends/install/examen_bringup/lib/examen_bringup/tray_test.py
-- Up-to-date: /home/robousr/ROS2Dev/Robofriends/install/examen_bringup/lib/examen_bringup/multi_tray.py
-- Up-to-date: /home/robousr/ROS2Dev/Robofriends/install/examen_bringup/share/ament_index/resource_index/package_run_dependencies/examen_bringup
-- Up-to-date: /home/robousr/ROS2Dev/Robofriends/install/examen_bringup/share/ament_index/resource_index/parent_prefix_path/examen_bringup
-- Up-to-date: /home/robousr/ROS2Dev/Robofriends/install/examen_bringup/share/examen_bringup/environment/ament_prefix_path.sh
-- Up-to-date: /home/robousr/ROS2Dev/Robofriends/install/examen_bringup/share/examen_bringup/environment/ament_prefix_path.dsv
-- Up-to-date: /home/robousr/ROS2Dev/Robofriends/install/examen_bringup/share/examen_bringup/environment/path.sh
-- Up-to-date: /home/robousr/ROS2Dev/Robofriends/install/examen_bringup/share/examen_bringup/environment/path.dsv
-- Up-to-date: /home/robousr/ROS2Dev/Robofriends/install/examen_bringup/share/examen_bringup/local_setup.bash
-- Up-to-date: /home/robousr/ROS2Dev/Robofriends/install/examen_bringup/share/examen_bringup/local_setup.sh
-- Up-to-date: /home/robousr/ROS2Dev/Robofriends/install/examen_bringup/share/examen_bringup/local_setup.zsh
-- Up-to-date: /home/robousr/ROS2Dev/Robofriends/install/examen_bringup/share/examen_bringup/local_setup.dsv
-- Up-to-date: /home/robousr/ROS2Dev/Robofriends/install/examen_bringup/share/examen_bringup/package.dsv
-- Up-to-date: /home/robousr/ROS2Dev/Robofriends/install/examen_bringup/share/ament_index/resource_index/packages/examen_bringup
-- Up-to-date: /home/robousr/ROS2Dev/Robofriends/install/examen_bringup/share/examen_bringup/cmake/examen_bringupConfig.cmake
-- Up-to-date: /home/robousr/ROS2Dev/Robofriends/install/examen_bringup/share/examen_bringup/cmake/examen_bringupConfig-version.cmake
-- Up-to-date: /home/robousr/ROS2Dev/Robofriends/install/examen_bringup/share/examen_bringup/package.xml
