[0.016s] Invoking command in '/home/robousr/ROS2Dev/Robofriends/build/examen_bringup': CMAKE_PREFIX_PATH=/opt/ros/humble /usr/bin/cmake --build /home/robousr/ROS2Dev/Robofriends/build/examen_bringup -- -j2 -l2
[0.123s] Built target ament_cmake_python_copy_examen_bringup
[0.440s] running egg_info
[0.440s] writing examen_bringup.egg-info/PKG-INFO
[0.441s] writing dependency_links to examen_bringup.egg-info/dependency_links.txt
[0.441s] writing top-level names to examen_bringup.egg-info/top_level.txt
[0.444s] reading manifest file 'examen_bringup.egg-info/SOURCES.txt'
[0.445s] writing manifest file 'examen_bringup.egg-info/SOURCES.txt'
[0.471s] Built target ament_cmake_python_build_examen_bringup_egg
[0.482s] Invoked command in '/home/robousr/ROS2Dev/Robofriends/build/examen_bringup' returned '0': CMAKE_PREFIX_PATH=/opt/ros/humble /usr/bin/cmake --build /home/robousr/ROS2Dev/Robofriends/build/examen_bringup -- -j2 -l2
[0.504s] Invoking command in '/home/robousr/ROS2Dev/Robofriends/build/examen_bringup': CMAKE_PREFIX_PATH=/opt/ros/humble /usr/bin/cmake --install /home/robousr/ROS2Dev/Robofriends/build/examen_bringup
[0.512s] -- Install configuration: ""
[0.512s] -- Up-to-date: /home/robousr/ROS2Dev/Robofriends/install/examen_bringup/share/examen_bringup//launch
[0.513s] -- Up-to-date: /home/robousr/ROS2Dev/Robofriends/install/examen_bringup/share/examen_bringup//launch/roberto_pos_controller_scara.launch.py
[0.513s] -- Up-to-date: /home/robousr/ROS2Dev/Robofriends/install/examen_bringup/share/examen_bringup//launch/tes2_trayectory_controller_scara.launch.py
[0.513s] -- Up-to-date: /home/robousr/ROS2Dev/Robofriends/install/examen_bringup/share/examen_bringup//launch/position_controller_scara.launch.py
[0.513s] -- Up-to-date: /home/robousr/ROS2Dev/Robofriends/install/examen_bringup/share/examen_bringup//launch/test_trajectory_controller.launch.py
[0.513s] -- Up-to-date: /home/robousr/ROS2Dev/Robofriends/install/examen_bringup/share/examen_bringup//launch/trajectory_controller_scara.launch.py
[0.513s] -- Up-to-date: /home/robousr/ROS2Dev/Robofriends/install/examen_bringup/share/examen_bringup//launch/simple_controller_scara.launch.py
[0.513s] -- Up-to-date: /home/robousr/ROS2Dev/Robofriends/install/examen_bringup/share/examen_bringup//rviz
[0.514s] -- Up-to-date: /home/robousr/ROS2Dev/Robofriends/install/examen_bringup/share/examen_bringup//rviz/scara_trajectory_controller_rviz.rviz
[0.514s] -- Up-to-date: /home/robousr/ROS2Dev/Robofriends/install/examen_bringup/share/examen_bringup//world
[0.515s] -- Up-to-date: /home/robousr/ROS2Dev/Robofriends/install/examen_bringup/share/examen_bringup//world/test_2_world.world
[0.515s] -- Up-to-date: /home/robousr/ROS2Dev/Robofriends/install/examen_bringup/share/examen_bringup//world/test_2_world
[0.515s] -- Up-to-date: /home/robousr/ROS2Dev/Robofriends/install/examen_bringup/share/examen_bringup//world/test_2_world/roberto
[0.516s] -- Up-to-date: /home/robousr/ROS2Dev/Robofriends/install/examen_bringup/share/examen_bringup//world/test_2_world/roberto/model.sdf
[0.516s] -- Up-to-date: /home/robousr/ROS2Dev/Robofriends/install/examen_bringup/share/examen_bringup//world/test_2_world/roberto/model.config
[0.516s] -- Up-to-date: /home/robousr/ROS2Dev/Robofriends/install/examen_bringup/share/examen_bringup//world/test_world
[0.516s] -- Up-to-date: /home/robousr/ROS2Dev/Robofriends/install/examen_bringup/share/examen_bringup//world/test_world/model.sdf
[0.516s] -- Up-to-date: /home/robousr/ROS2Dev/Robofriends/install/examen_bringup/share/examen_bringup//world/test_world/model.config
[0.516s] -- Up-to-date: /home/robousr/ROS2Dev/Robofriends/install/examen_bringup/share/examen_bringup//world/test_w_1.world
[0.516s] -- Up-to-date: /home/robousr/ROS2Dev/Robofriends/install/examen_bringup/share/examen_bringup//src
[0.517s] -- Up-to-date: /home/robousr/ROS2Dev/Robofriends/install/examen_bringup/share/examen_bringup//src/multi_tray.py
[0.517s] -- Up-to-date: /home/robousr/ROS2Dev/Robofriends/install/examen_bringup/share/examen_bringup//src/position_test.py
[0.517s] -- Up-to-date: /home/robousr/ROS2Dev/Robofriends/install/examen_bringup/share/examen_bringup//src/trajectory_test.py
[0.517s] -- Up-to-date: /home/robousr/ROS2Dev/Robofriends/install/examen_bringup/share/examen_bringup//src/tray_test.py
[0.517s] -- Up-to-date: /home/robousr/ROS2Dev/Robofriends/install/examen_bringup/share/examen_bringup/environment/pythonpath.sh
[0.517s] -- Up-to-date: /home/robousr/ROS2Dev/Robofriends/install/examen_bringup/share/examen_bringup/environment/pythonpath.dsv
[0.518s] -- Up-to-date: /home/robousr/ROS2Dev/Robofriends/install/examen_bringup/local/lib/python3.10/dist-packages/examen_bringup-0.0.0-py3.10.egg-info
[0.518s] -- Installing: /home/robousr/ROS2Dev/Robofriends/install/examen_bringup/local/lib/python3.10/dist-packages/examen_bringup-0.0.0-py3.10.egg-info/dependency_links.txt
[0.519s] -- Installing: /home/robousr/ROS2Dev/Robofriends/install/examen_bringup/local/lib/python3.10/dist-packages/examen_bringup-0.0.0-py3.10.egg-info/PKG-INFO
[0.519s] -- Installing: /home/robousr/ROS2Dev/Robofriends/install/examen_bringup/local/lib/python3.10/dist-packages/examen_bringup-0.0.0-py3.10.egg-info/top_level.txt
[0.519s] -- Installing: /home/robousr/ROS2Dev/Robofriends/install/examen_bringup/local/lib/python3.10/dist-packages/examen_bringup-0.0.0-py3.10.egg-info/SOURCES.txt
[0.519s] -- Up-to-date: /home/robousr/ROS2Dev/Robofriends/install/examen_bringup/local/lib/python3.10/dist-packages/examen_bringup
[0.519s] -- Up-to-date: /home/robousr/ROS2Dev/Robofriends/install/examen_bringup/local/lib/python3.10/dist-packages/examen_bringup/__init__.py
[0.588s] Listing '/home/robousr/ROS2Dev/Robofriends/install/examen_bringup/local/lib/python3.10/dist-packages/examen_bringup'...
[0.589s] -- Up-to-date: /home/robousr/ROS2Dev/Robofriends/install/examen_bringup/lib/examen_bringup/trajectory_test.py
[0.589s] -- Up-to-date: /home/robousr/ROS2Dev/Robofriends/install/examen_bringup/lib/examen_bringup/tray_test.py
[0.589s] -- Up-to-date: /home/robousr/ROS2Dev/Robofriends/install/examen_bringup/lib/examen_bringup/multi_tray.py
[0.589s] -- Up-to-date: /home/robousr/ROS2Dev/Robofriends/install/examen_bringup/share/ament_index/resource_index/package_run_dependencies/examen_bringup
[0.590s] -- Up-to-date: /home/robousr/ROS2Dev/Robofriends/install/examen_bringup/share/ament_index/resource_index/parent_prefix_path/examen_bringup
[0.590s] -- Up-to-date: /home/robousr/ROS2Dev/Robofriends/install/examen_bringup/share/examen_bringup/environment/ament_prefix_path.sh
[0.590s] -- Up-to-date: /home/robousr/ROS2Dev/Robofriends/install/examen_bringup/share/examen_bringup/environment/ament_prefix_path.dsv
[0.590s] -- Up-to-date: /home/robousr/ROS2Dev/Robofriends/install/examen_bringup/share/examen_bringup/environment/path.sh
[0.590s] -- Up-to-date: /home/robousr/ROS2Dev/Robofriends/install/examen_bringup/share/examen_bringup/environment/path.dsv
[0.590s] -- Up-to-date: /home/robousr/ROS2Dev/Robofriends/install/examen_bringup/share/examen_bringup/local_setup.bash
[0.590s] -- Up-to-date: /home/robousr/ROS2Dev/Robofriends/install/examen_bringup/share/examen_bringup/local_setup.sh
[0.590s] -- Up-to-date: /home/robousr/ROS2Dev/Robofriends/install/examen_bringup/share/examen_bringup/local_setup.zsh
[0.590s] -- Up-to-date: /home/robousr/ROS2Dev/Robofriends/install/examen_bringup/share/examen_bringup/local_setup.dsv
[0.590s] -- Up-to-date: /home/robousr/ROS2Dev/Robofriends/install/examen_bringup/share/examen_bringup/package.dsv
[0.591s] -- Up-to-date: /home/robousr/ROS2Dev/Robofriends/install/examen_bringup/share/ament_index/resource_index/packages/examen_bringup
[0.591s] -- Up-to-date: /home/robousr/ROS2Dev/Robofriends/install/examen_bringup/share/examen_bringup/cmake/examen_bringupConfig.cmake
[0.591s] -- Up-to-date: /home/robousr/ROS2Dev/Robofriends/install/examen_bringup/share/examen_bringup/cmake/examen_bringupConfig-version.cmake
[0.591s] -- Up-to-date: /home/robousr/ROS2Dev/Robofriends/install/examen_bringup/share/examen_bringup/package.xml
[0.593s] Invoked command in '/home/robousr/ROS2Dev/Robofriends/build/examen_bringup' returned '0': CMAKE_PREFIX_PATH=/opt/ros/humble /usr/bin/cmake --install /home/robousr/ROS2Dev/Robofriends/build/examen_bringup
